#
# There is insufficient memory for the Java Runtime Environment to continue.
# Native memory allocation (malloc) failed to allocate 1287696 bytes for Chunk::new
# Possible reasons:
#   The system is out of physical RAM or swap space
#   The process is running with CompressedOops enabled, and the Java Heap may be blocking the growth of the native heap
# Possible solutions:
#   Reduce memory load on the system
#   Increase physical memory or swap space
#   Check if swap backing store is full
#   Decrease Java heap size (-Xmx/-Xms)
#   Decrease number of Java threads
#   Decrease Java thread stack sizes (-Xss)
#   Set larger code cache with -XX:ReservedCodeCacheSize=
#   JVM is running with Unscaled Compressed Oops mode in which the Java heap is
#     placed in the first 4GB address space. The Java Heap base address is the
#     maximum limit for the native heap growth. Please use -XX:HeapBaseMinAddress
#     to set the Java Heap base and to place the Java Heap above 4GB virtual address.
# This output file may be truncated or incomplete.
#
#  Out of Memory Error (arena.cpp:189), pid=52368, tid=55804
#
# JRE version: Java(TM) SE Runtime Environment (17.0.10+11) (build 17.0.10+11-LTS-240)
# Java VM: Java HotSpot(TM) 64-Bit Server VM (17.0.10+11-LTS-240, mixed mode, sharing, tiered, compressed oops, compressed class ptrs, g1 gc, windows-amd64)
# No core dump will be written. Minidumps are not enabled by default on client versions of Windows
#

---------------  S U M M A R Y ------------

Command Line: --add-opens=java.base/java.lang=ALL-UNNAMED --add-opens=java.base/java.lang.invoke=ALL-UNNAMED --add-opens=java.base/java.util=ALL-UNNAMED --add-opens=java.prefs/java.util.prefs=ALL-UNNAMED --add-exports=jdk.compiler/com.sun.tools.javac.api=ALL-UNNAMED --add-exports=jdk.compiler/com.sun.tools.javac.util=ALL-UNNAMED --add-opens=java.base/java.util=ALL-UNNAMED --add-opens=java.prefs/java.util.prefs=ALL-UNNAMED --add-opens=java.base/java.nio.charset=ALL-UNNAMED --add-opens=java.base/java.net=ALL-UNNAMED --add-opens=java.base/java.util.concurrent.atomic=ALL-UNNAMED --add-opens=java.xml/javax.xml.namespace=ALL-UNNAMED -XX:MaxMetaspaceSize=384m -XX:+HeapDumpOnOutOfMemoryError -Xms256m -Xmx512m -Dfile.encoding=UTF-8 -Duser.country=KR -Duser.language=ko -Duser.variant -javaagent:C:\Users\jeanm\.gradle\wrapper\dists\gradle-8.11.1-bin\bpt9gzteqjrbo1mjrsomdt32c\gradle-8.11.1\lib\agents\gradle-instrumentation-agent-8.11.1.jar org.gradle.launcher.daemon.bootstrap.GradleDaemon 8.11.1

Host: Intel(R) Core(TM) i7-9750H CPU @ 2.60GHz, 12 cores, 15G,  Windows 11 , 64 bit Build 26100 (10.0.26100.2454)
Time: Mon Jan 20 12:30:14 2025  Windows 11 , 64 bit Build 26100 (10.0.26100.2454) elapsed time: 31.686963 seconds (0d 0h 0m 31s)

---------------  T H R E A D  ---------------

Current thread (0x000002f4b6c5fa80):  JavaThread "C2 CompilerThread0" daemon [_thread_in_native, id=55804, stack(0x000000f78e100000,0x000000f78e200000)]


Current CompileTask:
C2:  31687 5491       4       java.lang.invoke.MethodType::makeImpl (109 bytes)

Stack: [0x000000f78e100000,0x000000f78e200000]
Native frames: (J=compiled Java code, j=interpreted, Vv=VM code, C=native code)
V  [jvm.dll+0x677a5a]
V  [jvm.dll+0x7d8b2d]
V  [jvm.dll+0x7da48e]
V  [jvm.dll+0x7daaf3]
V  [jvm.dll+0x2455ff]
V  [jvm.dll+0xaaafb]
V  [jvm.dll+0xab09c]
V  [jvm.dll+0x361b5f]
V  [jvm.dll+0x32c211]
V  [jvm.dll+0x32b6aa]
V  [jvm.dll+0x21794f]
V  [jvm.dll+0x216d81]
V  [jvm.dll+0x1a3410]
V  [jvm.dll+0x226aeb]
V  [jvm.dll+0x224cab]
V  [jvm.dll+0x78e45c]
V  [jvm.dll+0x78888a]
V  [jvm.dll+0x676935]
C  [ucrtbase.dll+0x14ea0]
C  [KERNEL32.DLL+0x2e8d7]
C  [ntdll.dll+0xdfbcc]


---------------  P R O C E S S  ---------------

Threads class SMR info:
_java_thread_list=0x000002f4d4c06ee0, length=65, elements={
0x000002f49bee75b0, 0x000002f4b6c3ea00, 0x000002f4b6c3f4d0, 0x000002f4b6c5b400,
0x000002f4b6c5dce0, 0x000002f4b6c5e5b0, 0x000002f4b6c5ee80, 0x000002f4b6c5fa80,
0x000002f4b6c623a0, 0x000002f4b6c62cb0, 0x000002f4d0108d10, 0x000002f4d0210060,
0x000002f4d1608c30, 0x000002f4d035c540, 0x000002f4d0188320, 0x000002f4d1860050,
0x000002f4d185e1f0, 0x000002f4d185e700, 0x000002f4d185dce0, 0x000002f4d185d7d0,
0x000002f4d185ec10, 0x000002f4d1860560, 0x000002f4d185f120, 0x000002f4d185fb40,
0x000002f4d185f630, 0x000002f4d185cdb0, 0x000002f4d185d2c0, 0x000002f4d02a2a40,
0x000002f4d02a3460, 0x000002f4d02a6700, 0x000002f4d02a52c0, 0x000002f4d02a61f0,
0x000002f4d02a3970, 0x000002f4d02a2f50, 0x000002f4d02a5ce0, 0x000002f4d02a6c10,
0x000002f4d02a7630, 0x000002f4d02a3e80, 0x000002f4d458b470, 0x000002f4d458be90,
0x000002f4d458c3a0, 0x000002f4d52e6090, 0x000002f4d02a7b40, 0x000002f4d02a4390,
0x000002f4d02a8050, 0x000002f4d02a48a0, 0x000002f4d4c17570, 0x000002f4d4c17a80,
0x000002f4d4c17f90, 0x000002f4d4c189b0, 0x000002f4d4c184a0, 0x000002f4d4c17060,
0x000002f4d1b30ed0, 0x000002f4d52e5b80, 0x000002f4d52e5670, 0x000002f4d258a2a0,
0x000002f4d258cb20, 0x000002f4d458b980, 0x000002f4d05b5ad0, 0x000002f4d05b5fe0,
0x000002f4d05b4ba0, 0x000002f4d05b55c0, 0x000002f4d05b4690, 0x000002f4d05b50b0,
0x000002f4d5147330
}

Java Threads: ( => current thread )
  0x000002f49bee75b0 JavaThread "main" [_thread_blocked, id=18692, stack(0x000000f78d400000,0x000000f78d500000)]
  0x000002f4b6c3ea00 JavaThread "Reference Handler" daemon [_thread_blocked, id=35976, stack(0x000000f78db00000,0x000000f78dc00000)]
  0x000002f4b6c3f4d0 JavaThread "Finalizer" daemon [_thread_blocked, id=44780, stack(0x000000f78dc00000,0x000000f78dd00000)]
  0x000002f4b6c5b400 JavaThread "Signal Dispatcher" daemon [_thread_blocked, id=51712, stack(0x000000f78dd00000,0x000000f78de00000)]
  0x000002f4b6c5dce0 JavaThread "Attach Listener" daemon [_thread_blocked, id=39504, stack(0x000000f78de00000,0x000000f78df00000)]
  0x000002f4b6c5e5b0 JavaThread "Service Thread" daemon [_thread_blocked, id=44304, stack(0x000000f78df00000,0x000000f78e000000)]
  0x000002f4b6c5ee80 JavaThread "Monitor Deflation Thread" daemon [_thread_blocked, id=37944, stack(0x000000f78e000000,0x000000f78e100000)]
=>0x000002f4b6c5fa80 JavaThread "C2 CompilerThread0" daemon [_thread_in_native, id=55804, stack(0x000000f78e100000,0x000000f78e200000)]
  0x000002f4b6c623a0 JavaThread "C1 CompilerThread0" daemon [_thread_in_native, id=12868, stack(0x000000f78e200000,0x000000f78e300000)]
  0x000002f4b6c62cb0 JavaThread "Sweeper thread" daemon [_thread_blocked, id=29488, stack(0x000000f78e300000,0x000000f78e400000)]
  0x000002f4d0108d10 JavaThread "Common-Cleaner" daemon [_thread_blocked, id=47432, stack(0x000000f78e400000,0x000000f78e500000)]
  0x000002f4d0210060 JavaThread "Notification Thread" daemon [_thread_blocked, id=37460, stack(0x000000f78e500000,0x000000f78e600000)]
  0x000002f4d1608c30 JavaThread "Daemon health stats" [_thread_blocked, id=21876, stack(0x000000f78e800000,0x000000f78e900000)]
  0x000002f4d035c540 JavaThread "Incoming local TCP Connector on port 58060" [_thread_in_native, id=46524, stack(0x000000f78e700000,0x000000f78e800000)]
  0x000002f4d0188320 JavaThread "Daemon periodic checks" [_thread_blocked, id=35224, stack(0x000000f78ee00000,0x000000f78ef00000)]
  0x000002f4d1860050 JavaThread "Daemon" [_thread_blocked, id=57504, stack(0x000000f78f000000,0x000000f78f100000)]
  0x000002f4d185e1f0 JavaThread "Handler for socket connection from /127.0.0.1:58060 to /127.0.0.1:58066" [_thread_in_native, id=12184, stack(0x000000f78f100000,0x000000f78f200000)]
  0x000002f4d185e700 JavaThread "Cancel handler" [_thread_blocked, id=47052, stack(0x000000f78ef00000,0x000000f78f000000)]
  0x000002f4d185dce0 JavaThread "Daemon worker" [_thread_blocked, id=56512, stack(0x000000f78f200000,0x000000f78f300000)]
  0x000002f4d185d7d0 JavaThread "Asynchronous log dispatcher for DefaultDaemonConnection: socket connection from /127.0.0.1:58060 to /127.0.0.1:58066" [_thread_blocked, id=55388, stack(0x000000f78f300000,0x000000f78f400000)]
  0x000002f4d185ec10 JavaThread "Stdin handler" [_thread_blocked, id=52724, stack(0x000000f78f400000,0x000000f78f500000)]
  0x000002f4d1860560 JavaThread "Daemon client event forwarder" [_thread_blocked, id=47788, stack(0x000000f78f500000,0x000000f78f600000)]
  0x000002f4d185f120 JavaThread "Cache worker for journal cache (C:\Users\jeanm\.gradle\caches\journal-1)" [_thread_blocked, id=59928, stack(0x000000f78f600000,0x000000f78f700000)]
  0x000002f4d185fb40 JavaThread "File lock request listener" [_thread_in_native, id=43576, stack(0x000000f78f700000,0x000000f78f800000)]
  0x000002f4d185f630 JavaThread "File lock release action executor" [_thread_blocked, id=29700, stack(0x000000f78f800000,0x000000f78f900000)]
  0x000002f4d185cdb0 JavaThread "Cache worker for file hash cache (C:\Users\jeanm\.gradle\caches\8.11.1\fileHashes)" [_thread_blocked, id=28932, stack(0x000000f78fa00000,0x000000f78fb00000)]
  0x000002f4d185d2c0 JavaThread "Cache worker for file content cache (C:\Users\jeanm\.gradle\caches\8.11.1\fileContent)" [_thread_blocked, id=8516, stack(0x000000f78fb00000,0x000000f78fc00000)]
  0x000002f4d02a2a40 JavaThread "Cache worker for file hash cache (D:\sc\auth\.gradle\8.11.1\fileHashes)" [_thread_blocked, id=29120, stack(0x000000f78f900000,0x000000f78fa00000)]
  0x000002f4d02a3460 JavaThread "Cache worker for Build Output Cleanup Cache (D:\sc\auth\.gradle\buildOutputCleanup)" [_thread_blocked, id=40364, stack(0x000000f78fc00000,0x000000f78fd00000)]
  0x000002f4d02a6700 JavaThread "File watcher server" daemon [_thread_in_native, id=60256, stack(0x000000f790400000,0x000000f790500000)]
  0x000002f4d02a52c0 JavaThread "File watcher consumer" daemon [_thread_blocked, id=51332, stack(0x000000f790500000,0x000000f790600000)]
  0x000002f4d02a61f0 JavaThread "Cache worker for checksums cache (D:\sc\auth\.gradle\8.11.1\checksums)" [_thread_blocked, id=48912, stack(0x000000f790600000,0x000000f790700000)]
  0x000002f4d02a3970 JavaThread "Cache worker for cache directory md-rule (C:\Users\jeanm\.gradle\caches\8.11.1\md-rule)" [_thread_blocked, id=34724, stack(0x000000f790700000,0x000000f790800000)]
  0x000002f4d02a2f50 JavaThread "Cache worker for cache directory md-supplier (C:\Users\jeanm\.gradle\caches\8.11.1\md-supplier)" [_thread_blocked, id=8752, stack(0x000000f790800000,0x000000f790900000)]
  0x000002f4d02a5ce0 JavaThread "jar transforms" [_thread_blocked, id=52072, stack(0x000000f790300000,0x000000f790400000)]
  0x000002f4d02a6c10 JavaThread "jar transforms Thread 2" [_thread_blocked, id=22096, stack(0x000000f790900000,0x000000f790a00000)]
  0x000002f4d02a7630 JavaThread "jar transforms Thread 3" [_thread_blocked, id=58524, stack(0x000000f790c00000,0x000000f790d00000)]
  0x000002f4d02a3e80 JavaThread "jar transforms Thread 4" [_thread_blocked, id=39232, stack(0x000000f790a00000,0x000000f790b00000)]
  0x000002f4d458b470 JavaThread "jar transforms Thread 5" [_thread_blocked, id=60948, stack(0x000000f790e00000,0x000000f790f00000)]
  0x000002f4d458be90 JavaThread "jar transforms Thread 6" [_thread_blocked, id=61048, stack(0x000000f790b00000,0x000000f790c00000)]
  0x000002f4d458c3a0 JavaThread "Daemon Thread 2" [_thread_blocked, id=46300, stack(0x000000f790f00000,0x000000f791000000)]
  0x000002f4d52e6090 JavaThread "jar transforms Thread 7" [_thread_blocked, id=41504, stack(0x000000f790d00000,0x000000f790e00000)]
  0x000002f4d02a7b40 JavaThread "Unconstrained build operations" [_thread_blocked, id=38532, stack(0x000000f791000000,0x000000f791100000)]
  0x000002f4d02a4390 JavaThread "Unconstrained build operations Thread 2" [_thread_blocked, id=3412, stack(0x000000f791100000,0x000000f791200000)]
  0x000002f4d02a8050 JavaThread "Unconstrained build operations Thread 3" [_thread_blocked, id=43272, stack(0x000000f791200000,0x000000f791300000)]
  0x000002f4d02a48a0 JavaThread "Unconstrained build operations Thread 4" [_thread_blocked, id=23132, stack(0x000000f791300000,0x000000f791400000)]
  0x000002f4d4c17570 JavaThread "Unconstrained build operations Thread 5" [_thread_blocked, id=12888, stack(0x000000f791400000,0x000000f791500000)]
  0x000002f4d4c17a80 JavaThread "Unconstrained build operations Thread 6" [_thread_blocked, id=6396, stack(0x000000f791500000,0x000000f791600000)]
  0x000002f4d4c17f90 JavaThread "Unconstrained build operations Thread 7" [_thread_blocked, id=45392, stack(0x000000f791600000,0x000000f791700000)]
  0x000002f4d4c189b0 JavaThread "Unconstrained build operations Thread 8" [_thread_blocked, id=49940, stack(0x000000f791700000,0x000000f791800000)]
  0x000002f4d4c184a0 JavaThread "Unconstrained build operations Thread 9" [_thread_blocked, id=29224, stack(0x000000f791800000,0x000000f791900000)]
  0x000002f4d4c17060 JavaThread "Unconstrained build operations Thread 10" [_thread_blocked, id=34368, stack(0x000000f791900000,0x000000f791a00000)]
  0x000002f4d1b30ed0 JavaThread "Unconstrained build operations Thread 11" [_thread_blocked, id=11128, stack(0x000000f791a00000,0x000000f791b00000)]
  0x000002f4d52e5b80 JavaThread "Unconstrained build operations Thread 12" [_thread_blocked, id=5688, stack(0x000000f791b00000,0x000000f791c00000)]
  0x000002f4d52e5670 JavaThread "Unconstrained build operations Thread 13" [_thread_blocked, id=5328, stack(0x000000f791c00000,0x000000f791d00000)]
  0x000002f4d258a2a0 JavaThread "Unconstrained build operations Thread 14" [_thread_blocked, id=2484, stack(0x000000f791d00000,0x000000f791e00000)]
  0x000002f4d258cb20 JavaThread "Unconstrained build operations Thread 15" [_thread_blocked, id=60868, stack(0x000000f791e00000,0x000000f791f00000)]
  0x000002f4d458b980 JavaThread "Unconstrained build operations Thread 16" [_thread_blocked, id=18944, stack(0x000000f791f00000,0x000000f792000000)]
  0x000002f4d05b5ad0 JavaThread "Unconstrained build operations Thread 17" [_thread_blocked, id=39448, stack(0x000000f792000000,0x000000f792100000)]
  0x000002f4d05b5fe0 JavaThread "Unconstrained build operations Thread 18" [_thread_blocked, id=40832, stack(0x000000f792100000,0x000000f792200000)]
  0x000002f4d05b4ba0 JavaThread "Unconstrained build operations Thread 19" [_thread_blocked, id=56348, stack(0x000000f792200000,0x000000f792300000)]
  0x000002f4d05b55c0 JavaThread "Unconstrained build operations Thread 20" [_thread_blocked, id=48968, stack(0x000000f792300000,0x000000f792400000)]
  0x000002f4d05b4690 JavaThread "Unconstrained build operations Thread 21" [_thread_blocked, id=56156, stack(0x000000f792400000,0x000000f792500000)]
  0x000002f4d05b50b0 JavaThread "Unconstrained build operations Thread 22" [_thread_blocked, id=34988, stack(0x000000f792500000,0x000000f792600000)]
  0x000002f4d5147330 JavaThread "C2 CompilerThread1" daemon [_thread_blocked, id=39408, stack(0x000000f792600000,0x000000f792700000)]

Other Threads:
  0x000002f4b6c3b4b0 VMThread "VM Thread" [stack: 0x000000f78da00000,0x000000f78db00000] [id=19804]
  0x000002f49bf634e0 WatcherThread [stack: 0x000000f78e600000,0x000000f78e700000] [id=60760]
  0x000002f49bf16310 GCTaskThread "GC Thread#0" [stack: 0x000000f78d500000,0x000000f78d600000] [id=10136]
  0x000002f4d08ca020 GCTaskThread "GC Thread#1" [stack: 0x000000f78e900000,0x000000f78ea00000] [id=49960]
  0x000002f4d068bd90 GCTaskThread "GC Thread#2" [stack: 0x000000f78ea00000,0x000000f78eb00000] [id=39088]
  0x000002f4d038dac0 GCTaskThread "GC Thread#3" [stack: 0x000000f78eb00000,0x000000f78ec00000] [id=57612]
  0x000002f4d06a1ea0 GCTaskThread "GC Thread#4" [stack: 0x000000f78ec00000,0x000000f78ed00000] [id=32348]
  0x000002f4d06a2160 GCTaskThread "GC Thread#5" [stack: 0x000000f78ed00000,0x000000f78ee00000] [id=42028]
  0x000002f4d3c48d00 GCTaskThread "GC Thread#6" [stack: 0x000000f78fd00000,0x000000f78fe00000] [id=33188]
  0x000002f4d1d4cf00 GCTaskThread "GC Thread#7" [stack: 0x000000f78fe00000,0x000000f78ff00000] [id=46336]
  0x000002f4d2175f60 GCTaskThread "GC Thread#8" [stack: 0x000000f78ff00000,0x000000f790000000] [id=31756]
  0x000002f4d1e87400 GCTaskThread "GC Thread#9" [stack: 0x000000f790000000,0x000000f790100000] [id=45272]
  0x000002f499c3e240 ConcurrentGCThread "G1 Main Marker" [stack: 0x000000f78d600000,0x000000f78d700000] [id=41284]
  0x000002f499c3e900 ConcurrentGCThread "G1 Conc#0" [stack: 0x000000f78d700000,0x000000f78d800000] [id=23164]
  0x000002f4d26459c0 ConcurrentGCThread "G1 Conc#1" [stack: 0x000000f790100000,0x000000f790200000] [id=42408]
  0x000002f4d2070420 ConcurrentGCThread "G1 Conc#2" [stack: 0x000000f790200000,0x000000f790300000] [id=5564]
  0x000002f49bfadb70 ConcurrentGCThread "G1 Refine#0" [stack: 0x000000f78d800000,0x000000f78d900000] [id=53900]
  0x000002f49bfae350 ConcurrentGCThread "G1 Service" [stack: 0x000000f78d900000,0x000000f78da00000] [id=6652]

Threads with active compile tasks:
C2 CompilerThread0    31771 5491       4       java.lang.invoke.MethodType::makeImpl (109 bytes)

VM state: not at safepoint (normal execution)

VM Mutex/Monitor currently owned by a thread: None

Heap address: 0x00000000e0000000, size: 512 MB, Compressed Oops mode: 32-bit

CDS archive(s) mapped at: [0x000002f4b7000000-0x000002f4b7bd0000-0x000002f4b7bd0000), size 12386304, SharedBaseAddress: 0x000002f4b7000000, ArchiveRelocationMode: 1.
Compressed class space mapped at: 0x000002f4b8000000-0x000002f4cc000000, reserved size: 335544320
Narrow klass base: 0x000002f4b7000000, Narrow klass shift: 0, Narrow klass range: 0x100000000

GC Precious Log:
 CPUs: 12 total, 12 available
 Memory: 16111M
 Large Page Support: Disabled
 NUMA Support: Disabled
 Compressed Oops: Enabled (32-bit)
 Heap Region Size: 1M
 Heap Min Capacity: 256M
 Heap Initial Capacity: 256M
 Heap Max Capacity: 512M
 Pre-touch: Disabled
 Parallel Workers: 10
 Concurrent Workers: 3
 Concurrent Refinement Workers: 10
 Periodic GC: Disabled

Heap:
 garbage-first heap   total 262144K, used 147017K [0x00000000e0000000, 0x0000000100000000)
  region size 1024K, 128 young (131072K), 17 survivors (17408K)
 Metaspace       used 45968K, committed 46400K, reserved 393216K
  class space    used 6479K, committed 6656K, reserved 327680K

Heap Regions: E=young(eden), S=young(survivor), O=old, HS=humongous(starts), HC=humongous(continues), CS=collection set, F=free, OA=open archive, CA=closed archive, TAMS=top-at-mark-start (previous, next)
|   0|0x00000000e0000000, 0x00000000e0100000, 0x00000000e0100000|100%| O|  |TAMS 0x00000000e0100000, 0x00000000e0000000| Untracked 
|   1|0x00000000e0100000, 0x00000000e0200000, 0x00000000e0200000|100%|HS|  |TAMS 0x00000000e0200000, 0x00000000e0100000| Complete 
|   2|0x00000000e0200000, 0x00000000e0300000, 0x00000000e0300000|100%|HC|  |TAMS 0x00000000e0300000, 0x00000000e0200000| Complete 
|   3|0x00000000e0300000, 0x00000000e0400000, 0x00000000e0400000|100%|HC|  |TAMS 0x00000000e0400000, 0x00000000e0300000| Complete 
|   4|0x00000000e0400000, 0x00000000e0500000, 0x00000000e0500000|100%| O|  |TAMS 0x00000000e0500000, 0x00000000e0400000| Untracked 
|   5|0x00000000e0500000, 0x00000000e0600000, 0x00000000e0600000|100%| O|  |TAMS 0x00000000e0600000, 0x00000000e0500000| Untracked 
|   6|0x00000000e0600000, 0x00000000e0700000, 0x00000000e0700000|100%| O|  |TAMS 0x00000000e0700000, 0x00000000e0600000| Untracked 
|   7|0x00000000e0700000, 0x00000000e0800000, 0x00000000e0800000|100%|HS|  |TAMS 0x00000000e0800000, 0x00000000e0700000| Complete 
|   8|0x00000000e0800000, 0x00000000e0900000, 0x00000000e0900000|100%|HS|  |TAMS 0x00000000e0800000, 0x00000000e0800000| Complete 
|   9|0x00000000e0900000, 0x00000000e0a00000, 0x00000000e0a00000|100%| O|  |TAMS 0x00000000e0a00000, 0x00000000e0900000| Untracked 
|  10|0x00000000e0a00000, 0x00000000e0b00000, 0x00000000e0b00000|100%| O|  |TAMS 0x00000000e0b00000, 0x00000000e0a00000| Untracked 
|  11|0x00000000e0b00000, 0x00000000e0c00000, 0x00000000e0c00000|100%| O|  |TAMS 0x00000000e0c00000, 0x00000000e0b00000| Untracked 
|  12|0x00000000e0c00000, 0x00000000e0d00000, 0x00000000e0d00000|100%| O|  |TAMS 0x00000000e0cd9200, 0x00000000e0c00000| Untracked 
|  13|0x00000000e0d00000, 0x00000000e0e00000, 0x00000000e0e00000|100%|HS|  |TAMS 0x00000000e0d00000, 0x00000000e0d00000| Complete 
|  14|0x00000000e0e00000, 0x00000000e0e00000, 0x00000000e0f00000|  0%| F|  |TAMS 0x00000000e0e00000, 0x00000000e0e00000| Untracked 
|  15|0x00000000e0f00000, 0x00000000e0f00000, 0x00000000e1000000|  0%| F|  |TAMS 0x00000000e0f00000, 0x00000000e0f00000| Untracked 
|  16|0x00000000e1000000, 0x00000000e1000000, 0x00000000e1100000|  0%| F|  |TAMS 0x00000000e1000000, 0x00000000e1000000| Untracked 
|  17|0x00000000e1100000, 0x00000000e1200000, 0x00000000e1200000|100%| O|  |TAMS 0x00000000e1100000, 0x00000000e1100000| Untracked 
|  18|0x00000000e1200000, 0x00000000e1300000, 0x00000000e1300000|100%| O|  |TAMS 0x00000000e1200000, 0x00000000e1200000| Untracked 
|  19|0x00000000e1300000, 0x00000000e1400000, 0x00000000e1400000|100%| O|  |TAMS 0x00000000e1300000, 0x00000000e1300000| Untracked 
|  20|0x00000000e1400000, 0x00000000e1500000, 0x00000000e1500000|100%| O|  |TAMS 0x00000000e1400000, 0x00000000e1400000| Untracked 
|  21|0x00000000e1500000, 0x00000000e151c600, 0x00000000e1600000| 11%| O|  |TAMS 0x00000000e1500000, 0x00000000e1500000| Untracked 
|  22|0x00000000e1600000, 0x00000000e1600000, 0x00000000e1700000|  0%| F|  |TAMS 0x00000000e1600000, 0x00000000e1600000| Untracked 
|  23|0x00000000e1700000, 0x00000000e1700000, 0x00000000e1800000|  0%| F|  |TAMS 0x00000000e1700000, 0x00000000e1700000| Untracked 
|  24|0x00000000e1800000, 0x00000000e1800000, 0x00000000e1900000|  0%| F|  |TAMS 0x00000000e1800000, 0x00000000e1800000| Untracked 
|  25|0x00000000e1900000, 0x00000000e1900000, 0x00000000e1a00000|  0%| F|  |TAMS 0x00000000e1900000, 0x00000000e1900000| Untracked 
|  26|0x00000000e1a00000, 0x00000000e1a00000, 0x00000000e1b00000|  0%| F|  |TAMS 0x00000000e1a00000, 0x00000000e1a00000| Untracked 
|  27|0x00000000e1b00000, 0x00000000e1b00000, 0x00000000e1c00000|  0%| F|  |TAMS 0x00000000e1b00000, 0x00000000e1b00000| Untracked 
|  28|0x00000000e1c00000, 0x00000000e1c00000, 0x00000000e1d00000|  0%| F|  |TAMS 0x00000000e1c00000, 0x00000000e1c00000| Untracked 
|  29|0x00000000e1d00000, 0x00000000e1d00000, 0x00000000e1e00000|  0%| F|  |TAMS 0x00000000e1d00000, 0x00000000e1d00000| Untracked 
|  30|0x00000000e1e00000, 0x00000000e1e00000, 0x00000000e1f00000|  0%| F|  |TAMS 0x00000000e1e00000, 0x00000000e1e00000| Untracked 
|  31|0x00000000e1f00000, 0x00000000e1f00000, 0x00000000e2000000|  0%| F|  |TAMS 0x00000000e1f00000, 0x00000000e1f00000| Untracked 
|  32|0x00000000e2000000, 0x00000000e2000000, 0x00000000e2100000|  0%| F|  |TAMS 0x00000000e2000000, 0x00000000e2000000| Untracked 
|  33|0x00000000e2100000, 0x00000000e2100000, 0x00000000e2200000|  0%| F|  |TAMS 0x00000000e2100000, 0x00000000e2100000| Untracked 
|  34|0x00000000e2200000, 0x00000000e2200000, 0x00000000e2300000|  0%| F|  |TAMS 0x00000000e2200000, 0x00000000e2200000| Untracked 
|  35|0x00000000e2300000, 0x00000000e2300000, 0x00000000e2400000|  0%| F|  |TAMS 0x00000000e2300000, 0x00000000e2300000| Untracked 
|  36|0x00000000e2400000, 0x00000000e2400000, 0x00000000e2500000|  0%| F|  |TAMS 0x00000000e2400000, 0x00000000e2400000| Untracked 
|  37|0x00000000e2500000, 0x00000000e2500000, 0x00000000e2600000|  0%| F|  |TAMS 0x00000000e2500000, 0x00000000e2500000| Untracked 
|  38|0x00000000e2600000, 0x00000000e2600000, 0x00000000e2700000|  0%| F|  |TAMS 0x00000000e2600000, 0x00000000e2600000| Untracked 
|  39|0x00000000e2700000, 0x00000000e2700000, 0x00000000e2800000|  0%| F|  |TAMS 0x00000000e2700000, 0x00000000e2700000| Untracked 
|  40|0x00000000e2800000, 0x00000000e2800000, 0x00000000e2900000|  0%| F|  |TAMS 0x00000000e2800000, 0x00000000e2800000| Untracked 
|  41|0x00000000e2900000, 0x00000000e2900000, 0x00000000e2a00000|  0%| F|  |TAMS 0x00000000e2900000, 0x00000000e2900000| Untracked 
|  42|0x00000000e2a00000, 0x00000000e2a00000, 0x00000000e2b00000|  0%| F|  |TAMS 0x00000000e2a00000, 0x00000000e2a00000| Untracked 
|  43|0x00000000e2b00000, 0x00000000e2b00000, 0x00000000e2c00000|  0%| F|  |TAMS 0x00000000e2b00000, 0x00000000e2b00000| Untracked 
|  44|0x00000000e2c00000, 0x00000000e2c00000, 0x00000000e2d00000|  0%| F|  |TAMS 0x00000000e2c00000, 0x00000000e2c00000| Untracked 
|  45|0x00000000e2d00000, 0x00000000e2d00000, 0x00000000e2e00000|  0%| F|  |TAMS 0x00000000e2d00000, 0x00000000e2d00000| Untracked 
|  46|0x00000000e2e00000, 0x00000000e2e00000, 0x00000000e2f00000|  0%| F|  |TAMS 0x00000000e2e00000, 0x00000000e2e00000| Untracked 
|  47|0x00000000e2f00000, 0x00000000e2f00000, 0x00000000e3000000|  0%| F|  |TAMS 0x00000000e2f00000, 0x00000000e2f00000| Untracked 
|  48|0x00000000e3000000, 0x00000000e3000000, 0x00000000e3100000|  0%| F|  |TAMS 0x00000000e3000000, 0x00000000e3000000| Untracked 
|  49|0x00000000e3100000, 0x00000000e3100000, 0x00000000e3200000|  0%| F|  |TAMS 0x00000000e3100000, 0x00000000e3100000| Untracked 
|  50|0x00000000e3200000, 0x00000000e3200000, 0x00000000e3300000|  0%| F|  |TAMS 0x00000000e3200000, 0x00000000e3200000| Untracked 
|  51|0x00000000e3300000, 0x00000000e3300000, 0x00000000e3400000|  0%| F|  |TAMS 0x00000000e3300000, 0x00000000e3300000| Untracked 
|  52|0x00000000e3400000, 0x00000000e3400000, 0x00000000e3500000|  0%| F|  |TAMS 0x00000000e3400000, 0x00000000e3400000| Untracked 
|  53|0x00000000e3500000, 0x00000000e3500000, 0x00000000e3600000|  0%| F|  |TAMS 0x00000000e3500000, 0x00000000e3500000| Untracked 
|  54|0x00000000e3600000, 0x00000000e3600000, 0x00000000e3700000|  0%| F|  |TAMS 0x00000000e3600000, 0x00000000e3600000| Untracked 
|  55|0x00000000e3700000, 0x00000000e3700000, 0x00000000e3800000|  0%| F|  |TAMS 0x00000000e3700000, 0x00000000e3700000| Untracked 
|  56|0x00000000e3800000, 0x00000000e3800000, 0x00000000e3900000|  0%| F|  |TAMS 0x00000000e3800000, 0x00000000e3800000| Untracked 
|  57|0x00000000e3900000, 0x00000000e3900000, 0x00000000e3a00000|  0%| F|  |TAMS 0x00000000e3900000, 0x00000000e3900000| Untracked 
|  58|0x00000000e3a00000, 0x00000000e3a00000, 0x00000000e3b00000|  0%| F|  |TAMS 0x00000000e3a00000, 0x00000000e3a00000| Untracked 
|  59|0x00000000e3b00000, 0x00000000e3b00000, 0x00000000e3c00000|  0%| F|  |TAMS 0x00000000e3b00000, 0x00000000e3b00000| Untracked 
|  60|0x00000000e3c00000, 0x00000000e3c00000, 0x00000000e3d00000|  0%| F|  |TAMS 0x00000000e3c00000, 0x00000000e3c00000| Untracked 
|  61|0x00000000e3d00000, 0x00000000e3d00000, 0x00000000e3e00000|  0%| F|  |TAMS 0x00000000e3d00000, 0x00000000e3d00000| Untracked 
|  62|0x00000000e3e00000, 0x00000000e3e00000, 0x00000000e3f00000|  0%| F|  |TAMS 0x00000000e3e00000, 0x00000000e3e00000| Untracked 
|  63|0x00000000e3f00000, 0x00000000e3f00000, 0x00000000e4000000|  0%| F|  |TAMS 0x00000000e3f00000, 0x00000000e3f00000| Untracked 
|  64|0x00000000e4000000, 0x00000000e4000000, 0x00000000e4100000|  0%| F|  |TAMS 0x00000000e4000000, 0x00000000e4000000| Untracked 
|  65|0x00000000e4100000, 0x00000000e4100000, 0x00000000e4200000|  0%| F|  |TAMS 0x00000000e4100000, 0x00000000e4100000| Untracked 
|  66|0x00000000e4200000, 0x00000000e4200000, 0x00000000e4300000|  0%| F|  |TAMS 0x00000000e4200000, 0x00000000e4200000| Untracked 
|  67|0x00000000e4300000, 0x00000000e4300000, 0x00000000e4400000|  0%| F|  |TAMS 0x00000000e4300000, 0x00000000e4300000| Untracked 
|  68|0x00000000e4400000, 0x00000000e4400000, 0x00000000e4500000|  0%| F|  |TAMS 0x00000000e4400000, 0x00000000e4400000| Untracked 
|  69|0x00000000e4500000, 0x00000000e4500000, 0x00000000e4600000|  0%| F|  |TAMS 0x00000000e4500000, 0x00000000e4500000| Untracked 
|  70|0x00000000e4600000, 0x00000000e4600000, 0x00000000e4700000|  0%| F|  |TAMS 0x00000000e4600000, 0x00000000e4600000| Untracked 
|  71|0x00000000e4700000, 0x00000000e4700000, 0x00000000e4800000|  0%| F|  |TAMS 0x00000000e4700000, 0x00000000e4700000| Untracked 
|  72|0x00000000e4800000, 0x00000000e4800000, 0x00000000e4900000|  0%| F|  |TAMS 0x00000000e4800000, 0x00000000e4800000| Untracked 
|  73|0x00000000e4900000, 0x00000000e4900000, 0x00000000e4a00000|  0%| F|  |TAMS 0x00000000e4900000, 0x00000000e4900000| Untracked 
|  74|0x00000000e4a00000, 0x00000000e4a00000, 0x00000000e4b00000|  0%| F|  |TAMS 0x00000000e4a00000, 0x00000000e4a00000| Untracked 
|  75|0x00000000e4b00000, 0x00000000e4b00000, 0x00000000e4c00000|  0%| F|  |TAMS 0x00000000e4b00000, 0x00000000e4b00000| Untracked 
|  76|0x00000000e4c00000, 0x00000000e4c00000, 0x00000000e4d00000|  0%| F|  |TAMS 0x00000000e4c00000, 0x00000000e4c00000| Untracked 
|  77|0x00000000e4d00000, 0x00000000e4d00000, 0x00000000e4e00000|  0%| F|  |TAMS 0x00000000e4d00000, 0x00000000e4d00000| Untracked 
|  78|0x00000000e4e00000, 0x00000000e4e00000, 0x00000000e4f00000|  0%| F|  |TAMS 0x00000000e4e00000, 0x00000000e4e00000| Untracked 
|  79|0x00000000e4f00000, 0x00000000e4f00000, 0x00000000e5000000|  0%| F|  |TAMS 0x00000000e4f00000, 0x00000000e4f00000| Untracked 
|  80|0x00000000e5000000, 0x00000000e5000000, 0x00000000e5100000|  0%| F|  |TAMS 0x00000000e5000000, 0x00000000e5000000| Untracked 
|  81|0x00000000e5100000, 0x00000000e5100000, 0x00000000e5200000|  0%| F|  |TAMS 0x00000000e5100000, 0x00000000e5100000| Untracked 
|  82|0x00000000e5200000, 0x00000000e5200000, 0x00000000e5300000|  0%| F|  |TAMS 0x00000000e5200000, 0x00000000e5200000| Untracked 
|  83|0x00000000e5300000, 0x00000000e5300000, 0x00000000e5400000|  0%| F|  |TAMS 0x00000000e5300000, 0x00000000e5300000| Untracked 
|  84|0x00000000e5400000, 0x00000000e5400000, 0x00000000e5500000|  0%| F|  |TAMS 0x00000000e5400000, 0x00000000e5400000| Untracked 
|  85|0x00000000e5500000, 0x00000000e5500000, 0x00000000e5600000|  0%| F|  |TAMS 0x00000000e5500000, 0x00000000e5500000| Untracked 
|  86|0x00000000e5600000, 0x00000000e5600000, 0x00000000e5700000|  0%| F|  |TAMS 0x00000000e5600000, 0x00000000e5600000| Untracked 
|  87|0x00000000e5700000, 0x00000000e5700000, 0x00000000e5800000|  0%| F|  |TAMS 0x00000000e5700000, 0x00000000e5700000| Untracked 
|  88|0x00000000e5800000, 0x00000000e5800000, 0x00000000e5900000|  0%| F|  |TAMS 0x00000000e5800000, 0x00000000e5800000| Untracked 
|  89|0x00000000e5900000, 0x00000000e5900000, 0x00000000e5a00000|  0%| F|  |TAMS 0x00000000e5900000, 0x00000000e5900000| Untracked 
|  90|0x00000000e5a00000, 0x00000000e5a00000, 0x00000000e5b00000|  0%| F|  |TAMS 0x00000000e5a00000, 0x00000000e5a00000| Untracked 
|  91|0x00000000e5b00000, 0x00000000e5b00000, 0x00000000e5c00000|  0%| F|  |TAMS 0x00000000e5b00000, 0x00000000e5b00000| Untracked 
|  92|0x00000000e5c00000, 0x00000000e5c00000, 0x00000000e5d00000|  0%| F|  |TAMS 0x00000000e5c00000, 0x00000000e5c00000| Untracked 
|  93|0x00000000e5d00000, 0x00000000e5d00000, 0x00000000e5e00000|  0%| F|  |TAMS 0x00000000e5d00000, 0x00000000e5d00000| Untracked 
|  94|0x00000000e5e00000, 0x00000000e5e00000, 0x00000000e5f00000|  0%| F|  |TAMS 0x00000000e5e00000, 0x00000000e5e00000| Untracked 
|  95|0x00000000e5f00000, 0x00000000e5f00000, 0x00000000e6000000|  0%| F|  |TAMS 0x00000000e5f00000, 0x00000000e5f00000| Untracked 
|  96|0x00000000e6000000, 0x00000000e6000000, 0x00000000e6100000|  0%| F|  |TAMS 0x00000000e6000000, 0x00000000e6000000| Untracked 
|  97|0x00000000e6100000, 0x00000000e6100000, 0x00000000e6200000|  0%| F|  |TAMS 0x00000000e6100000, 0x00000000e6100000| Untracked 
|  98|0x00000000e6200000, 0x00000000e6200000, 0x00000000e6300000|  0%| F|  |TAMS 0x00000000e6200000, 0x00000000e6200000| Untracked 
|  99|0x00000000e6300000, 0x00000000e6300000, 0x00000000e6400000|  0%| F|  |TAMS 0x00000000e6300000, 0x00000000e6300000| Untracked 
| 100|0x00000000e6400000, 0x00000000e6400000, 0x00000000e6500000|  0%| F|  |TAMS 0x00000000e6400000, 0x00000000e6400000| Untracked 
| 101|0x00000000e6500000, 0x00000000e6500000, 0x00000000e6600000|  0%| F|  |TAMS 0x00000000e6500000, 0x00000000e6500000| Untracked 
| 102|0x00000000e6600000, 0x00000000e6600000, 0x00000000e6700000|  0%| F|  |TAMS 0x00000000e6600000, 0x00000000e6600000| Untracked 
| 103|0x00000000e6700000, 0x00000000e6700000, 0x00000000e6800000|  0%| F|  |TAMS 0x00000000e6700000, 0x00000000e6700000| Untracked 
| 104|0x00000000e6800000, 0x00000000e6800000, 0x00000000e6900000|  0%| F|  |TAMS 0x00000000e6800000, 0x00000000e6800000| Untracked 
| 105|0x00000000e6900000, 0x00000000e6900000, 0x00000000e6a00000|  0%| F|  |TAMS 0x00000000e6900000, 0x00000000e6900000| Untracked 
| 106|0x00000000e6a00000, 0x00000000e6a00000, 0x00000000e6b00000|  0%| F|  |TAMS 0x00000000e6a00000, 0x00000000e6a00000| Untracked 
| 107|0x00000000e6b00000, 0x00000000e6b00000, 0x00000000e6c00000|  0%| F|  |TAMS 0x00000000e6b00000, 0x00000000e6b00000| Untracked 
| 108|0x00000000e6c00000, 0x00000000e6c00000, 0x00000000e6d00000|  0%| F|  |TAMS 0x00000000e6c00000, 0x00000000e6c00000| Untracked 
| 109|0x00000000e6d00000, 0x00000000e6d00000, 0x00000000e6e00000|  0%| F|  |TAMS 0x00000000e6d00000, 0x00000000e6d00000| Untracked 
| 110|0x00000000e6e00000, 0x00000000e6e00000, 0x00000000e6f00000|  0%| F|  |TAMS 0x00000000e6e00000, 0x00000000e6e00000| Untracked 
| 111|0x00000000e6f00000, 0x00000000e6f00000, 0x00000000e7000000|  0%| F|  |TAMS 0x00000000e6f00000, 0x00000000e6f00000| Untracked 
| 112|0x00000000e7000000, 0x00000000e7000000, 0x00000000e7100000|  0%| F|  |TAMS 0x00000000e7000000, 0x00000000e7000000| Untracked 
| 113|0x00000000e7100000, 0x00000000e7176190, 0x00000000e7200000| 46%| S|CS|TAMS 0x00000000e7100000, 0x00000000e7100000| Complete 
| 114|0x00000000e7200000, 0x00000000e7300000, 0x00000000e7300000|100%| S|CS|TAMS 0x00000000e7200000, 0x00000000e7200000| Complete 
| 115|0x00000000e7300000, 0x00000000e7400000, 0x00000000e7400000|100%| S|CS|TAMS 0x00000000e7300000, 0x00000000e7300000| Complete 
| 116|0x00000000e7400000, 0x00000000e7500000, 0x00000000e7500000|100%| S|CS|TAMS 0x00000000e7400000, 0x00000000e7400000| Complete 
| 117|0x00000000e7500000, 0x00000000e7600000, 0x00000000e7600000|100%| S|CS|TAMS 0x00000000e7500000, 0x00000000e7500000| Complete 
| 118|0x00000000e7600000, 0x00000000e7700000, 0x00000000e7700000|100%| S|CS|TAMS 0x00000000e7600000, 0x00000000e7600000| Complete 
| 119|0x00000000e7700000, 0x00000000e7800000, 0x00000000e7800000|100%| S|CS|TAMS 0x00000000e7700000, 0x00000000e7700000| Complete 
| 120|0x00000000e7800000, 0x00000000e7900000, 0x00000000e7900000|100%| S|CS|TAMS 0x00000000e7800000, 0x00000000e7800000| Complete 
| 121|0x00000000e7900000, 0x00000000e7a00000, 0x00000000e7a00000|100%| S|CS|TAMS 0x00000000e7900000, 0x00000000e7900000| Complete 
| 122|0x00000000e7a00000, 0x00000000e7b00000, 0x00000000e7b00000|100%| S|CS|TAMS 0x00000000e7a00000, 0x00000000e7a00000| Complete 
| 123|0x00000000e7b00000, 0x00000000e7c00000, 0x00000000e7c00000|100%| S|CS|TAMS 0x00000000e7b00000, 0x00000000e7b00000| Complete 
| 124|0x00000000e7c00000, 0x00000000e7d00000, 0x00000000e7d00000|100%| S|CS|TAMS 0x00000000e7c00000, 0x00000000e7c00000| Complete 
| 125|0x00000000e7d00000, 0x00000000e7e00000, 0x00000000e7e00000|100%| S|CS|TAMS 0x00000000e7d00000, 0x00000000e7d00000| Complete 
| 126|0x00000000e7e00000, 0x00000000e7f00000, 0x00000000e7f00000|100%| S|CS|TAMS 0x00000000e7e00000, 0x00000000e7e00000| Complete 
| 127|0x00000000e7f00000, 0x00000000e8000000, 0x00000000e8000000|100%| S|CS|TAMS 0x00000000e7f00000, 0x00000000e7f00000| Complete 
| 128|0x00000000e8000000, 0x00000000e8100000, 0x00000000e8100000|100%| S|CS|TAMS 0x00000000e8000000, 0x00000000e8000000| Complete 
| 129|0x00000000e8100000, 0x00000000e8200000, 0x00000000e8200000|100%| S|CS|TAMS 0x00000000e8100000, 0x00000000e8100000| Complete 
| 130|0x00000000e8200000, 0x00000000e8200000, 0x00000000e8300000|  0%| F|  |TAMS 0x00000000e8200000, 0x00000000e8200000| Untracked 
| 131|0x00000000e8300000, 0x00000000e8300000, 0x00000000e8400000|  0%| F|  |TAMS 0x00000000e8300000, 0x00000000e8300000| Untracked 
| 132|0x00000000e8400000, 0x00000000e8400000, 0x00000000e8500000|  0%| F|  |TAMS 0x00000000e8400000, 0x00000000e8400000| Untracked 
| 133|0x00000000e8500000, 0x00000000e8500000, 0x00000000e8600000|  0%| F|  |TAMS 0x00000000e8500000, 0x00000000e8500000| Untracked 
| 134|0x00000000e8600000, 0x00000000e8600000, 0x00000000e8700000|  0%| F|  |TAMS 0x00000000e8600000, 0x00000000e8600000| Untracked 
| 135|0x00000000e8700000, 0x00000000e8700000, 0x00000000e8800000|  0%| F|  |TAMS 0x00000000e8700000, 0x00000000e8700000| Untracked 
| 136|0x00000000e8800000, 0x00000000e8800000, 0x00000000e8900000|  0%| F|  |TAMS 0x00000000e8800000, 0x00000000e8800000| Untracked 
| 137|0x00000000e8900000, 0x00000000e8900000, 0x00000000e8a00000|  0%| F|  |TAMS 0x00000000e8900000, 0x00000000e8900000| Untracked 
| 138|0x00000000e8a00000, 0x00000000e8a00000, 0x00000000e8b00000|  0%| F|  |TAMS 0x00000000e8a00000, 0x00000000e8a00000| Untracked 
| 139|0x00000000e8b00000, 0x00000000e8b00000, 0x00000000e8c00000|  0%| F|  |TAMS 0x00000000e8b00000, 0x00000000e8b00000| Untracked 
| 140|0x00000000e8c00000, 0x00000000e8c00000, 0x00000000e8d00000|  0%| F|  |TAMS 0x00000000e8c00000, 0x00000000e8c00000| Untracked 
| 141|0x00000000e8d00000, 0x00000000e8d00000, 0x00000000e8e00000|  0%| F|  |TAMS 0x00000000e8d00000, 0x00000000e8d00000| Untracked 
| 142|0x00000000e8e00000, 0x00000000e8e00000, 0x00000000e8f00000|  0%| F|  |TAMS 0x00000000e8e00000, 0x00000000e8e00000| Untracked 
| 143|0x00000000e8f00000, 0x00000000e8f00000, 0x00000000e9000000|  0%| F|  |TAMS 0x00000000e8f00000, 0x00000000e8f00000| Untracked 
| 144|0x00000000e9000000, 0x00000000e9000000, 0x00000000e9100000|  0%| F|  |TAMS 0x00000000e9000000, 0x00000000e9000000| Untracked 
| 145|0x00000000e9100000, 0x00000000e91d2558, 0x00000000e9200000| 82%| E|  |TAMS 0x00000000e9100000, 0x00000000e9100000| Complete 
| 146|0x00000000e9200000, 0x00000000e9300000, 0x00000000e9300000|100%| E|CS|TAMS 0x00000000e9200000, 0x00000000e9200000| Complete 
| 147|0x00000000e9300000, 0x00000000e9400000, 0x00000000e9400000|100%| E|CS|TAMS 0x00000000e9300000, 0x00000000e9300000| Complete 
| 148|0x00000000e9400000, 0x00000000e9500000, 0x00000000e9500000|100%| E|CS|TAMS 0x00000000e9400000, 0x00000000e9400000| Complete 
| 149|0x00000000e9500000, 0x00000000e9600000, 0x00000000e9600000|100%| E|CS|TAMS 0x00000000e9500000, 0x00000000e9500000| Complete 
| 150|0x00000000e9600000, 0x00000000e9700000, 0x00000000e9700000|100%| E|CS|TAMS 0x00000000e9600000, 0x00000000e9600000| Complete 
| 151|0x00000000e9700000, 0x00000000e9800000, 0x00000000e9800000|100%| E|CS|TAMS 0x00000000e9700000, 0x00000000e9700000| Complete 
| 152|0x00000000e9800000, 0x00000000e9900000, 0x00000000e9900000|100%| E|CS|TAMS 0x00000000e9800000, 0x00000000e9800000| Complete 
| 153|0x00000000e9900000, 0x00000000e9a00000, 0x00000000e9a00000|100%| E|CS|TAMS 0x00000000e9900000, 0x00000000e9900000| Complete 
| 154|0x00000000e9a00000, 0x00000000e9b00000, 0x00000000e9b00000|100%| E|CS|TAMS 0x00000000e9a00000, 0x00000000e9a00000| Complete 
| 155|0x00000000e9b00000, 0x00000000e9c00000, 0x00000000e9c00000|100%| E|CS|TAMS 0x00000000e9b00000, 0x00000000e9b00000| Complete 
| 156|0x00000000e9c00000, 0x00000000e9d00000, 0x00000000e9d00000|100%| E|CS|TAMS 0x00000000e9c00000, 0x00000000e9c00000| Complete 
| 157|0x00000000e9d00000, 0x00000000e9e00000, 0x00000000e9e00000|100%| E|CS|TAMS 0x00000000e9d00000, 0x00000000e9d00000| Complete 
| 158|0x00000000e9e00000, 0x00000000e9f00000, 0x00000000e9f00000|100%| E|CS|TAMS 0x00000000e9e00000, 0x00000000e9e00000| Complete 
| 159|0x00000000e9f00000, 0x00000000ea000000, 0x00000000ea000000|100%| E|CS|TAMS 0x00000000e9f00000, 0x00000000e9f00000| Complete 
| 160|0x00000000ea000000, 0x00000000ea100000, 0x00000000ea100000|100%| E|CS|TAMS 0x00000000ea000000, 0x00000000ea000000| Complete 
| 161|0x00000000ea100000, 0x00000000ea200000, 0x00000000ea200000|100%| E|CS|TAMS 0x00000000ea100000, 0x00000000ea100000| Complete 
| 162|0x00000000ea200000, 0x00000000ea300000, 0x00000000ea300000|100%| E|CS|TAMS 0x00000000ea200000, 0x00000000ea200000| Complete 
| 163|0x00000000ea300000, 0x00000000ea400000, 0x00000000ea400000|100%| E|CS|TAMS 0x00000000ea300000, 0x00000000ea300000| Complete 
| 164|0x00000000ea400000, 0x00000000ea500000, 0x00000000ea500000|100%| E|CS|TAMS 0x00000000ea400000, 0x00000000ea400000| Complete 
| 165|0x00000000ea500000, 0x00000000ea600000, 0x00000000ea600000|100%| E|CS|TAMS 0x00000000ea500000, 0x00000000ea500000| Complete 
| 166|0x00000000ea600000, 0x00000000ea700000, 0x00000000ea700000|100%| E|CS|TAMS 0x00000000ea600000, 0x00000000ea600000| Complete 
| 167|0x00000000ea700000, 0x00000000ea800000, 0x00000000ea800000|100%| E|CS|TAMS 0x00000000ea700000, 0x00000000ea700000| Complete 
| 168|0x00000000ea800000, 0x00000000ea900000, 0x00000000ea900000|100%| E|CS|TAMS 0x00000000ea800000, 0x00000000ea800000| Complete 
| 169|0x00000000ea900000, 0x00000000eaa00000, 0x00000000eaa00000|100%| E|CS|TAMS 0x00000000ea900000, 0x00000000ea900000| Complete 
| 170|0x00000000eaa00000, 0x00000000eab00000, 0x00000000eab00000|100%| E|CS|TAMS 0x00000000eaa00000, 0x00000000eaa00000| Complete 
| 171|0x00000000eab00000, 0x00000000eac00000, 0x00000000eac00000|100%| E|CS|TAMS 0x00000000eab00000, 0x00000000eab00000| Complete 
| 172|0x00000000eac00000, 0x00000000ead00000, 0x00000000ead00000|100%| E|CS|TAMS 0x00000000eac00000, 0x00000000eac00000| Complete 
| 173|0x00000000ead00000, 0x00000000eae00000, 0x00000000eae00000|100%| E|CS|TAMS 0x00000000ead00000, 0x00000000ead00000| Complete 
| 174|0x00000000eae00000, 0x00000000eaf00000, 0x00000000eaf00000|100%| E|CS|TAMS 0x00000000eae00000, 0x00000000eae00000| Complete 
| 175|0x00000000eaf00000, 0x00000000eb000000, 0x00000000eb000000|100%| E|CS|TAMS 0x00000000eaf00000, 0x00000000eaf00000| Complete 
| 176|0x00000000eb000000, 0x00000000eb100000, 0x00000000eb100000|100%| E|CS|TAMS 0x00000000eb000000, 0x00000000eb000000| Complete 
| 177|0x00000000eb100000, 0x00000000eb200000, 0x00000000eb200000|100%| E|CS|TAMS 0x00000000eb100000, 0x00000000eb100000| Complete 
| 178|0x00000000eb200000, 0x00000000eb300000, 0x00000000eb300000|100%| E|CS|TAMS 0x00000000eb200000, 0x00000000eb200000| Complete 
| 179|0x00000000eb300000, 0x00000000eb400000, 0x00000000eb400000|100%| E|CS|TAMS 0x00000000eb300000, 0x00000000eb300000| Complete 
| 180|0x00000000eb400000, 0x00000000eb500000, 0x00000000eb500000|100%| E|CS|TAMS 0x00000000eb400000, 0x00000000eb400000| Complete 
| 181|0x00000000eb500000, 0x00000000eb600000, 0x00000000eb600000|100%| E|CS|TAMS 0x00000000eb500000, 0x00000000eb500000| Complete 
| 182|0x00000000eb600000, 0x00000000eb700000, 0x00000000eb700000|100%| E|CS|TAMS 0x00000000eb600000, 0x00000000eb600000| Complete 
| 183|0x00000000eb700000, 0x00000000eb800000, 0x00000000eb800000|100%| E|CS|TAMS 0x00000000eb700000, 0x00000000eb700000| Complete 
| 184|0x00000000eb800000, 0x00000000eb900000, 0x00000000eb900000|100%| E|CS|TAMS 0x00000000eb800000, 0x00000000eb800000| Complete 
| 185|0x00000000eb900000, 0x00000000eba00000, 0x00000000eba00000|100%| E|CS|TAMS 0x00000000eb900000, 0x00000000eb900000| Complete 
| 186|0x00000000eba00000, 0x00000000ebb00000, 0x00000000ebb00000|100%| E|CS|TAMS 0x00000000eba00000, 0x00000000eba00000| Complete 
| 187|0x00000000ebb00000, 0x00000000ebc00000, 0x00000000ebc00000|100%| E|CS|TAMS 0x00000000ebb00000, 0x00000000ebb00000| Complete 
| 188|0x00000000ebc00000, 0x00000000ebd00000, 0x00000000ebd00000|100%| E|CS|TAMS 0x00000000ebc00000, 0x00000000ebc00000| Complete 
| 189|0x00000000ebd00000, 0x00000000ebe00000, 0x00000000ebe00000|100%| E|CS|TAMS 0x00000000ebd00000, 0x00000000ebd00000| Complete 
| 190|0x00000000ebe00000, 0x00000000ebf00000, 0x00000000ebf00000|100%| E|CS|TAMS 0x00000000ebe00000, 0x00000000ebe00000| Complete 
| 191|0x00000000ebf00000, 0x00000000ec000000, 0x00000000ec000000|100%| E|CS|TAMS 0x00000000ebf00000, 0x00000000ebf00000| Complete 
| 192|0x00000000ec000000, 0x00000000ec100000, 0x00000000ec100000|100%| E|CS|TAMS 0x00000000ec000000, 0x00000000ec000000| Complete 
| 193|0x00000000ec100000, 0x00000000ec200000, 0x00000000ec200000|100%| E|CS|TAMS 0x00000000ec100000, 0x00000000ec100000| Complete 
| 194|0x00000000ec200000, 0x00000000ec300000, 0x00000000ec300000|100%| E|CS|TAMS 0x00000000ec200000, 0x00000000ec200000| Complete 
| 195|0x00000000ec300000, 0x00000000ec400000, 0x00000000ec400000|100%| E|CS|TAMS 0x00000000ec300000, 0x00000000ec300000| Complete 
| 196|0x00000000ec400000, 0x00000000ec500000, 0x00000000ec500000|100%| E|CS|TAMS 0x00000000ec400000, 0x00000000ec400000| Complete 
| 197|0x00000000ec500000, 0x00000000ec600000, 0x00000000ec600000|100%| E|CS|TAMS 0x00000000ec500000, 0x00000000ec500000| Complete 
| 198|0x00000000ec600000, 0x00000000ec700000, 0x00000000ec700000|100%| E|CS|TAMS 0x00000000ec600000, 0x00000000ec600000| Complete 
| 199|0x00000000ec700000, 0x00000000ec800000, 0x00000000ec800000|100%| E|CS|TAMS 0x00000000ec700000, 0x00000000ec700000| Complete 
| 200|0x00000000ec800000, 0x00000000ec900000, 0x00000000ec900000|100%| E|CS|TAMS 0x00000000ec800000, 0x00000000ec800000| Complete 
| 201|0x00000000ec900000, 0x00000000eca00000, 0x00000000eca00000|100%| E|CS|TAMS 0x00000000ec900000, 0x00000000ec900000| Complete 
| 202|0x00000000eca00000, 0x00000000ecb00000, 0x00000000ecb00000|100%| E|CS|TAMS 0x00000000eca00000, 0x00000000eca00000| Complete 
| 203|0x00000000ecb00000, 0x00000000ecc00000, 0x00000000ecc00000|100%| E|CS|TAMS 0x00000000ecb00000, 0x00000000ecb00000| Complete 
| 204|0x00000000ecc00000, 0x00000000ecd00000, 0x00000000ecd00000|100%| E|CS|TAMS 0x00000000ecc00000, 0x00000000ecc00000| Complete 
| 205|0x00000000ecd00000, 0x00000000ece00000, 0x00000000ece00000|100%| E|CS|TAMS 0x00000000ecd00000, 0x00000000ecd00000| Complete 
| 206|0x00000000ece00000, 0x00000000ecf00000, 0x00000000ecf00000|100%| E|CS|TAMS 0x00000000ece00000, 0x00000000ece00000| Complete 
| 207|0x00000000ecf00000, 0x00000000ed000000, 0x00000000ed000000|100%| E|  |TAMS 0x00000000ecf00000, 0x00000000ecf00000| Complete 
| 208|0x00000000ed000000, 0x00000000ed100000, 0x00000000ed100000|100%| E|CS|TAMS 0x00000000ed000000, 0x00000000ed000000| Complete 
| 209|0x00000000ed100000, 0x00000000ed200000, 0x00000000ed200000|100%| E|CS|TAMS 0x00000000ed100000, 0x00000000ed100000| Complete 
| 210|0x00000000ed200000, 0x00000000ed300000, 0x00000000ed300000|100%| E|CS|TAMS 0x00000000ed200000, 0x00000000ed200000| Complete 
| 211|0x00000000ed300000, 0x00000000ed400000, 0x00000000ed400000|100%| E|CS|TAMS 0x00000000ed300000, 0x00000000ed300000| Complete 
| 212|0x00000000ed400000, 0x00000000ed500000, 0x00000000ed500000|100%| E|CS|TAMS 0x00000000ed400000, 0x00000000ed400000| Complete 
| 213|0x00000000ed500000, 0x00000000ed600000, 0x00000000ed600000|100%| E|CS|TAMS 0x00000000ed500000, 0x00000000ed500000| Complete 
| 214|0x00000000ed600000, 0x00000000ed700000, 0x00000000ed700000|100%| E|CS|TAMS 0x00000000ed600000, 0x00000000ed600000| Complete 
| 215|0x00000000ed700000, 0x00000000ed800000, 0x00000000ed800000|100%| E|CS|TAMS 0x00000000ed700000, 0x00000000ed700000| Complete 
| 216|0x00000000ed800000, 0x00000000ed900000, 0x00000000ed900000|100%| E|CS|TAMS 0x00000000ed800000, 0x00000000ed800000| Complete 
| 217|0x00000000ed900000, 0x00000000eda00000, 0x00000000eda00000|100%| E|CS|TAMS 0x00000000ed900000, 0x00000000ed900000| Complete 
| 218|0x00000000eda00000, 0x00000000edb00000, 0x00000000edb00000|100%| E|CS|TAMS 0x00000000eda00000, 0x00000000eda00000| Complete 
| 219|0x00000000edb00000, 0x00000000edc00000, 0x00000000edc00000|100%| E|CS|TAMS 0x00000000edb00000, 0x00000000edb00000| Complete 
| 220|0x00000000edc00000, 0x00000000edd00000, 0x00000000edd00000|100%| E|CS|TAMS 0x00000000edc00000, 0x00000000edc00000| Complete 
| 221|0x00000000edd00000, 0x00000000ede00000, 0x00000000ede00000|100%| E|CS|TAMS 0x00000000edd00000, 0x00000000edd00000| Complete 
| 222|0x00000000ede00000, 0x00000000edf00000, 0x00000000edf00000|100%| E|CS|TAMS 0x00000000ede00000, 0x00000000ede00000| Complete 
| 223|0x00000000edf00000, 0x00000000ee000000, 0x00000000ee000000|100%| E|CS|TAMS 0x00000000edf00000, 0x00000000edf00000| Complete 
| 224|0x00000000ee000000, 0x00000000ee100000, 0x00000000ee100000|100%| E|CS|TAMS 0x00000000ee000000, 0x00000000ee000000| Complete 
| 225|0x00000000ee100000, 0x00000000ee200000, 0x00000000ee200000|100%| E|CS|TAMS 0x00000000ee100000, 0x00000000ee100000| Complete 
| 226|0x00000000ee200000, 0x00000000ee300000, 0x00000000ee300000|100%| E|CS|TAMS 0x00000000ee200000, 0x00000000ee200000| Complete 
| 227|0x00000000ee300000, 0x00000000ee400000, 0x00000000ee400000|100%| E|CS|TAMS 0x00000000ee300000, 0x00000000ee300000| Complete 
| 228|0x00000000ee400000, 0x00000000ee500000, 0x00000000ee500000|100%| E|CS|TAMS 0x00000000ee400000, 0x00000000ee400000| Complete 
| 229|0x00000000ee500000, 0x00000000ee600000, 0x00000000ee600000|100%| E|CS|TAMS 0x00000000ee500000, 0x00000000ee500000| Complete 
| 230|0x00000000ee600000, 0x00000000ee700000, 0x00000000ee700000|100%| E|CS|TAMS 0x00000000ee600000, 0x00000000ee600000| Complete 
| 231|0x00000000ee700000, 0x00000000ee800000, 0x00000000ee800000|100%| E|CS|TAMS 0x00000000ee700000, 0x00000000ee700000| Complete 
| 232|0x00000000ee800000, 0x00000000ee900000, 0x00000000ee900000|100%| E|CS|TAMS 0x00000000ee800000, 0x00000000ee800000| Complete 
| 233|0x00000000ee900000, 0x00000000eea00000, 0x00000000eea00000|100%| E|CS|TAMS 0x00000000ee900000, 0x00000000ee900000| Complete 
| 234|0x00000000eea00000, 0x00000000eeb00000, 0x00000000eeb00000|100%| E|CS|TAMS 0x00000000eea00000, 0x00000000eea00000| Complete 
| 235|0x00000000eeb00000, 0x00000000eec00000, 0x00000000eec00000|100%| E|CS|TAMS 0x00000000eeb00000, 0x00000000eeb00000| Complete 
| 236|0x00000000eec00000, 0x00000000eed00000, 0x00000000eed00000|100%| E|CS|TAMS 0x00000000eec00000, 0x00000000eec00000| Complete 
| 237|0x00000000eed00000, 0x00000000eee00000, 0x00000000eee00000|100%| E|CS|TAMS 0x00000000eed00000, 0x00000000eed00000| Complete 
| 238|0x00000000eee00000, 0x00000000eef00000, 0x00000000eef00000|100%| E|CS|TAMS 0x00000000eee00000, 0x00000000eee00000| Complete 
| 239|0x00000000eef00000, 0x00000000ef000000, 0x00000000ef000000|100%| E|CS|TAMS 0x00000000eef00000, 0x00000000eef00000| Complete 
| 240|0x00000000ef000000, 0x00000000ef100000, 0x00000000ef100000|100%| E|CS|TAMS 0x00000000ef000000, 0x00000000ef000000| Complete 
| 241|0x00000000ef100000, 0x00000000ef200000, 0x00000000ef200000|100%| E|CS|TAMS 0x00000000ef100000, 0x00000000ef100000| Complete 
| 242|0x00000000ef200000, 0x00000000ef300000, 0x00000000ef300000|100%| E|CS|TAMS 0x00000000ef200000, 0x00000000ef200000| Complete 
| 243|0x00000000ef300000, 0x00000000ef400000, 0x00000000ef400000|100%| E|CS|TAMS 0x00000000ef300000, 0x00000000ef300000| Complete 
| 244|0x00000000ef400000, 0x00000000ef500000, 0x00000000ef500000|100%| E|CS|TAMS 0x00000000ef400000, 0x00000000ef400000| Complete 
| 245|0x00000000ef500000, 0x00000000ef600000, 0x00000000ef600000|100%| E|CS|TAMS 0x00000000ef500000, 0x00000000ef500000| Complete 
| 246|0x00000000ef600000, 0x00000000ef700000, 0x00000000ef700000|100%| E|CS|TAMS 0x00000000ef600000, 0x00000000ef600000| Complete 
| 247|0x00000000ef700000, 0x00000000ef800000, 0x00000000ef800000|100%| E|CS|TAMS 0x00000000ef700000, 0x00000000ef700000| Complete 
| 248|0x00000000ef800000, 0x00000000ef900000, 0x00000000ef900000|100%| E|CS|TAMS 0x00000000ef800000, 0x00000000ef800000| Complete 
| 249|0x00000000ef900000, 0x00000000efa00000, 0x00000000efa00000|100%| E|CS|TAMS 0x00000000ef900000, 0x00000000ef900000| Complete 
| 250|0x00000000efa00000, 0x00000000efb00000, 0x00000000efb00000|100%| E|CS|TAMS 0x00000000efa00000, 0x00000000efa00000| Complete 
| 251|0x00000000efb00000, 0x00000000efc00000, 0x00000000efc00000|100%| E|CS|TAMS 0x00000000efb00000, 0x00000000efb00000| Complete 
| 252|0x00000000efc00000, 0x00000000efd00000, 0x00000000efd00000|100%| E|CS|TAMS 0x00000000efc00000, 0x00000000efc00000| Complete 
| 253|0x00000000efd00000, 0x00000000efe00000, 0x00000000efe00000|100%| E|CS|TAMS 0x00000000efd00000, 0x00000000efd00000| Complete 
| 254|0x00000000efe00000, 0x00000000eff00000, 0x00000000eff00000|100%| E|CS|TAMS 0x00000000efe00000, 0x00000000efe00000| Complete 
| 255|0x00000000eff00000, 0x00000000f0000000, 0x00000000f0000000|100%| E|CS|TAMS 0x00000000eff00000, 0x00000000eff00000| Complete 

Card table byte_map: [0x000002f4b2de0000,0x000002f4b2ee0000] _byte_map_base: 0x000002f4b26e0000

Marking Bits (Prev, Next): (CMBitMap*) 0x000002f49bf166e0, (CMBitMap*) 0x000002f49bf16720
 Prev Bits: [0x000002f4b2fe0000, 0x000002f4b37e0000)
 Next Bits: [0x000002f4b37e0000, 0x000002f4b3fe0000)

Polling page: 0x000002f499e20000

Metaspace:

Usage:
  Non-class:     38.56 MB used.
      Class:      6.33 MB used.
       Both:     44.89 MB used.

Virtual space:
  Non-class space:       64.00 MB reserved,      38.81 MB ( 61%) committed,  1 nodes.
      Class space:      320.00 MB reserved,       6.50 MB (  2%) committed,  1 nodes.
             Both:      384.00 MB reserved,      45.31 MB ( 12%) committed. 

Chunk freelists:
   Non-Class:  8.84 MB
       Class:  9.50 MB
        Both:  18.34 MB

MaxMetaspaceSize: 384.00 MB
CompressedClassSpaceSize: 320.00 MB
Initial GC threshold: 21.00 MB
Current GC threshold: 58.69 MB
CDS: on
MetaspaceReclaimPolicy: balanced
 - commit_granule_bytes: 65536.
 - commit_granule_words: 8192.
 - virtual_space_node_default_size: 8388608.
 - enlarge_chunks_in_place: 1.
 - new_chunks_are_fully_committed: 0.
 - uncommit_free_chunks: 1.
 - use_allocation_guard: 0.
 - handle_deallocations: 1.


Internal statistics:

num_allocs_failed_limit: 6.
num_arena_births: 540.
num_arena_deaths: 0.
num_vsnodes_births: 2.
num_vsnodes_deaths: 0.
num_space_committed: 725.
num_space_uncommitted: 0.
num_chunks_returned_to_freelist: 6.
num_chunks_taken_from_freelist: 2364.
num_chunk_merges: 6.
num_chunk_splits: 1539.
num_chunks_enlarged: 1060.
num_inconsistent_stats: 0.

CodeHeap 'non-profiled nmethods': size=120000Kb used=2775Kb max_used=3193Kb free=117224Kb
 bounds [0x000002f4ab260000, 0x000002f4ab580000, 0x000002f4b2790000]
CodeHeap 'profiled nmethods': size=120000Kb used=9309Kb max_used=10120Kb free=110690Kb
 bounds [0x000002f4a3790000, 0x000002f4a4180000, 0x000002f4aacc0000]
CodeHeap 'non-nmethods': size=5760Kb used=2327Kb max_used=2380Kb free=3432Kb
 bounds [0x000002f4aacc0000, 0x000002f4aaf30000, 0x000002f4ab260000]
 total_blobs=5621 nmethods=4775 adapters=757
 compilation: enabled
              stopped_count=0, restarted_count=0
 full_count=0

Compilation events (20 events):
Event: 29.658 Thread 0x000002f4b6c623a0 5535       3       java.util.concurrent.locks.AbstractQueuedSynchronizer$ConditionObject::await (203 bytes)
Event: 30.685 Thread 0x000002f4b6c623a0 nmethod 5535 0x000002f4a3915c10 code [0x000002f4a3915f00, 0x000002f4a3916f98]
Event: 30.685 Thread 0x000002f4b6c623a0 5537       3       java.lang.invoke.DirectMethodHandle$Holder::invokeStatic (17 bytes)
Event: 30.686 Thread 0x000002f4b6c623a0 nmethod 5537 0x000002f4a3833c90 code [0x000002f4a3833e60, 0x000002f4a3834318]
Event: 30.686 Thread 0x000002f4b6c623a0 5538       3       java.lang.invoke.LambdaForm$MH/0x000002f4b80e4800::invoke (32 bytes)
Event: 30.686 Thread 0x000002f4b6c623a0 nmethod 5538 0x000002f4a3833490 code [0x000002f4a3833660, 0x000002f4a3833b38]
Event: 30.686 Thread 0x000002f4b6c623a0 5539       3       java.lang.invoke.DirectMethodHandle$Holder::invokeStatic (21 bytes)
Event: 30.686 Thread 0x000002f4b6c623a0 nmethod 5539 0x000002f4a3832c90 code [0x000002f4a3832e60, 0x000002f4a3833358]
Event: 30.686 Thread 0x000002f4b6c623a0 5540       3       java.lang.StringConcatHelper::prepend (22 bytes)
Event: 30.686 Thread 0x000002f4b6c623a0 nmethod 5540 0x000002f4a37f3c90 code [0x000002f4a37f3e40, 0x000002f4a37f3fd8]
Event: 30.686 Thread 0x000002f4b6c623a0 5536       3       org.gradle.internal.snapshot.VfsRelativePath::length (13 bytes)
Event: 30.686 Thread 0x000002f4b6c623a0 nmethod 5536 0x000002f4a3915610 code [0x000002f4a39157c0, 0x000002f4a39159d8]
Event: 30.853 Thread 0x000002f4b6c623a0 5541       3       sun.management.MemoryPoolImpl::getType (15 bytes)
Event: 30.854 Thread 0x000002f4b6c623a0 nmethod 5541 0x000002f4a3832890 code [0x000002f4a3832a20, 0x000002f4a3832bb8]
Event: 31.563 Thread 0x000002f4b6c623a0 5543       3       org.gradle.internal.serialize.InputStreamBackedDecoder::readByte (13 bytes)
Event: 31.563 Thread 0x000002f4b6c623a0 nmethod 5543 0x000002f4a3832210 code [0x000002f4a38323e0, 0x000002f4a3832738]
Event: 31.565 Thread 0x000002f4b6c623a0 5544       3       org.gradle.internal.serialize.AbstractDecoder::readNullableString (14 bytes)
Event: 31.565 Thread 0x000002f4b6c623a0 nmethod 5544 0x000002f4a3907d90 code [0x000002f4a3907f40, 0x000002f4a3908238]
Event: 31.565 Thread 0x000002f4b6c623a0 5545       3       java.util.Date::<init> (10 bytes)
Event: 31.565 Thread 0x000002f4b6c623a0 nmethod 5545 0x000002f4a3831d90 code [0x000002f4a3831f20, 0x000002f4a3832098]

GC Heap History (10 events):
Event: 1.500 GC heap before
{Heap before GC invocations=0 (full 0):
 garbage-first heap   total 262144K, used 22528K [0x00000000e0000000, 0x0000000100000000)
  region size 1024K, 23 young (23552K), 0 survivors (0K)
 Metaspace       used 1121K, committed 1280K, reserved 393216K
  class space    used 77K, committed 128K, reserved 327680K
}
Event: 1.542 GC heap after
{Heap after GC invocations=1 (full 0):
 garbage-first heap   total 262144K, used 3379K [0x00000000e0000000, 0x0000000100000000)
  region size 1024K, 3 young (3072K), 3 survivors (3072K)
 Metaspace       used 1121K, committed 1280K, reserved 393216K
  class space    used 77K, committed 128K, reserved 327680K
}
Event: 3.568 GC heap before
{Heap before GC invocations=1 (full 0):
 garbage-first heap   total 262144K, used 38195K [0x00000000e0000000, 0x0000000100000000)
  region size 1024K, 34 young (34816K), 3 survivors (3072K)
 Metaspace       used 4373K, committed 4544K, reserved 393216K
  class space    used 546K, committed 640K, reserved 327680K
}
Event: 3.574 GC heap after
{Heap after GC invocations=2 (full 0):
 garbage-first heap   total 262144K, used 11277K [0x00000000e0000000, 0x0000000100000000)
  region size 1024K, 5 young (5120K), 5 survivors (5120K)
 Metaspace       used 4373K, committed 4544K, reserved 393216K
  class space    used 546K, committed 640K, reserved 327680K
}
Event: 6.246 GC heap before
{Heap before GC invocations=2 (full 0):
 garbage-first heap   total 262144K, used 58381K [0x00000000e0000000, 0x0000000100000000)
  region size 1024K, 49 young (50176K), 5 survivors (5120K)
 Metaspace       used 4578K, committed 4736K, reserved 393216K
  class space    used 559K, committed 640K, reserved 327680K
}
Event: 6.252 GC heap after
{Heap after GC invocations=3 (full 0):
 garbage-first heap   total 262144K, used 16425K [0x00000000e0000000, 0x0000000100000000)
  region size 1024K, 5 young (5120K), 5 survivors (5120K)
 Metaspace       used 4578K, committed 4736K, reserved 393216K
  class space    used 559K, committed 640K, reserved 327680K
}
Event: 15.947 GC heap before
{Heap before GC invocations=3 (full 0):
 garbage-first heap   total 262144K, used 127017K [0x00000000e0000000, 0x0000000100000000)
  region size 1024K, 114 young (116736K), 5 survivors (5120K)
 Metaspace       used 21161K, committed 21504K, reserved 393216K
  class space    used 3089K, committed 3264K, reserved 327680K
}
Event: 16.053 GC heap after
{Heap after GC invocations=4 (full 0):
 garbage-first heap   total 262144K, used 24143K [0x00000000e0000000, 0x0000000100000000)
  region size 1024K, 12 young (12288K), 12 survivors (12288K)
 Metaspace       used 21161K, committed 21504K, reserved 393216K
  class space    used 3089K, committed 3264K, reserved 327680K
}
Event: 21.293 GC heap before
{Heap before GC invocations=5 (full 0):
 garbage-first heap   total 262144K, used 143951K [0x00000000e0000000, 0x0000000100000000)
  region size 1024K, 126 young (129024K), 12 survivors (12288K)
 Metaspace       used 35490K, committed 35968K, reserved 393216K
  class space    used 4937K, committed 5184K, reserved 327680K
}
Event: 21.309 GC heap after
{Heap after GC invocations=6 (full 0):
 garbage-first heap   total 262144K, used 33353K [0x00000000e0000000, 0x0000000100000000)
  region size 1024K, 17 young (17408K), 17 survivors (17408K)
 Metaspace       used 35490K, committed 35968K, reserved 393216K
  class space    used 4937K, committed 5184K, reserved 327680K
}

Deoptimization events (20 events):
Event: 26.917 Thread 0x000002f4d02a4390 Uncommon trap: trap_request=0xffffffde fr.pc=0x000002f4ab3821c8 relative=0x0000000000001428
Event: 26.917 Thread 0x000002f4d02a4390 Uncommon trap: reason=class_check action=maybe_recompile pc=0x000002f4ab3821c8 method=java.util.concurrent.ConcurrentHashMap.putVal(Ljava/lang/Object;Ljava/lang/Object;Z)Ljava/lang/Object; @ 242 c2
Event: 26.917 Thread 0x000002f4d02a4390 DEOPT PACKING pc=0x000002f4ab3821c8 sp=0x000000f7911fe520
Event: 26.917 Thread 0x000002f4d02a4390 DEOPT UNPACKING pc=0x000002f4aad123a3 sp=0x000000f7911fe490 mode 2
Event: 26.917 Thread 0x000002f4d02a4390 Uncommon trap: trap_request=0xffffff45 fr.pc=0x000002f4ab3fc354 relative=0x0000000000000234
Event: 26.917 Thread 0x000002f4d02a4390 Uncommon trap: reason=unstable_if action=reinterpret pc=0x000002f4ab3fc354 method=java.lang.invoke.MethodType.equals(Ljava/lang/Object;)Z @ 11 c2
Event: 26.918 Thread 0x000002f4d02a4390 DEOPT PACKING pc=0x000002f4ab3fc354 sp=0x000000f7911fe3e0
Event: 26.918 Thread 0x000002f4d02a4390 DEOPT UNPACKING pc=0x000002f4aad123a3 sp=0x000000f7911fe3a8 mode 2
Event: 26.918 Thread 0x000002f4d02a4390 Uncommon trap: trap_request=0xffffff54 fr.pc=0x000002f4ab438d0c relative=0x00000000000051ac
Event: 26.918 Thread 0x000002f4d02a4390 Uncommon trap: reason=speculate_null_assert action=make_not_entrant pc=0x000002f4ab438d0c method=java.lang.invoke.MethodType$ConcurrentWeakInternSet.add(Ljava/lang/Object;)Ljava/lang/Object; @ 47 c2
Event: 26.918 Thread 0x000002f4d02a4390 DEOPT PACKING pc=0x000002f4ab438d0c sp=0x000000f7911fe5d0
Event: 26.918 Thread 0x000002f4d02a4390 DEOPT UNPACKING pc=0x000002f4aad123a3 sp=0x000000f7911fe568 mode 2
Event: 26.919 Thread 0x000002f4d02a4390 Uncommon trap: trap_request=0xffffff45 fr.pc=0x000002f4ab381e98 relative=0x00000000000010f8
Event: 26.919 Thread 0x000002f4d02a4390 Uncommon trap: reason=unstable_if action=reinterpret pc=0x000002f4ab381e98 method=java.util.concurrent.ConcurrentHashMap.addCount(JI)V @ 34 c2
Event: 26.919 Thread 0x000002f4d02a4390 DEOPT PACKING pc=0x000002f4ab381e98 sp=0x000000f7911fe800
Event: 26.919 Thread 0x000002f4d02a4390 DEOPT UNPACKING pc=0x000002f4aad123a3 sp=0x000000f7911fe6c0 mode 2
Event: 26.919 Thread 0x000002f4d4c17f90 Uncommon trap: trap_request=0xffffff45 fr.pc=0x000002f4ab365f68 relative=0x0000000000000248
Event: 26.919 Thread 0x000002f4d4c17f90 Uncommon trap: reason=unstable_if action=reinterpret pc=0x000002f4ab365f68 method=java.util.concurrent.ConcurrentHashMap.addCount(JI)V @ 7 c2
Event: 26.919 Thread 0x000002f4d4c17f90 DEOPT PACKING pc=0x000002f4ab365f68 sp=0x000000f7916fe590
Event: 26.919 Thread 0x000002f4d4c17f90 DEOPT UNPACKING pc=0x000002f4aad123a3 sp=0x000000f7916fe4f0 mode 2

Classes unloaded (0 events):
No events

Classes redefined (0 events):
No events

Internal exceptions (20 events):
Event: 24.619 Thread 0x000002f4d185dce0 Exception <a 'java/lang/NoSuchMethodError'{0x00000000eb7a15c8}: 'java.lang.Object java.lang.invoke.DirectMethodHandle$Holder.newInvokeSpecial(java.lang.Object, java.lang.Object, java.lang.Object, int)'> (0x00000000eb7a15c8) 
thrown [s\open\src\hotspot\share\interpreter\linkResolver.cpp, line 759]
Event: 24.619 Thread 0x000002f4d185dce0 Exception <a 'java/lang/NoSuchMethodError'{0x00000000eb7a66f0}: 'java.lang.Object java.lang.invoke.DirectMethodHandle$Holder.invokeSpecial(java.lang.Object, java.lang.Object, java.lang.Object, java.lang.Object, int)'> (0x00000000eb7a66f0) 
thrown [s\open\src\hotspot\share\interpreter\linkResolver.cpp, line 759]
Event: 24.619 Thread 0x000002f4d185dce0 Exception <a 'java/lang/NoSuchMethodError'{0x00000000eb7ab000}: 'java.lang.Object java.lang.invoke.Invokers$Holder.linkToTargetMethod(java.lang.Object, java.lang.Object, int, java.lang.Object)'> (0x00000000eb7ab000) 
thrown [s\open\src\hotspot\share\interpreter\linkResolver.cpp, line 759]
Event: 24.701 Thread 0x000002f4d185dce0 Exception <a 'java/lang/NoSuchMethodError'{0x00000000eb423900}: 'int java.lang.invoke.DirectMethodHandle$Holder.invokeSpecialIFC(java.lang.Object, java.lang.Object, java.lang.Object)'> (0x00000000eb423900) 
thrown [s\open\src\hotspot\share\interpreter\linkResolver.cpp, line 759]
Event: 24.818 Thread 0x000002f4d185dce0 Exception <a 'java/lang/NoSuchMethodError'{0x00000000eb06a948}: 'java.lang.Object java.lang.invoke.DirectMethodHandle$Holder.newInvokeSpecial(java.lang.Object, java.lang.Object, java.lang.Object, java.lang.Object, int)'> (0x00000000eb06a948) 
thrown [s\open\src\hotspot\share\interpreter\linkResolver.cpp, line 759]
Event: 24.818 Thread 0x000002f4d185dce0 Exception <a 'java/lang/NoSuchMethodError'{0x00000000eb06fc28}: 'java.lang.Object java.lang.invoke.DirectMethodHandle$Holder.invokeSpecial(java.lang.Object, java.lang.Object, java.lang.Object, java.lang.Object, java.lang.Object, int)'> (0x00000000eb06fc28) 
thrown [s\open\src\hotspot\share\interpreter\linkResolver.cpp, line 759]
Event: 24.818 Thread 0x000002f4d185dce0 Exception <a 'java/lang/NoSuchMethodError'{0x00000000eb0748b8}: 'java.lang.Object java.lang.invoke.Invokers$Holder.linkToTargetMethod(java.lang.Object, java.lang.Object, java.lang.Object, int, java.lang.Object)'> (0x00000000eb0748b8) 
thrown [s\open\src\hotspot\share\interpreter\linkResolver.cpp, line 759]
Event: 24.830 Thread 0x000002f4d185dce0 Exception <a 'java/lang/NoSuchMethodError'{0x00000000eb0d6fa8}: 'java.lang.Object java.lang.invoke.DirectMethodHandle$Holder.invokeSpecial(java.lang.Object, java.lang.Object, java.lang.Object, java.lang.Object, java.lang.Object, long)'> (0x00000000eb0d6fa8) 
thrown [s\open\src\hotspot\share\interpreter\linkResolver.cpp, line 759]
Event: 24.834 Thread 0x000002f4d185dce0 Exception <a 'java/lang/NoSuchMethodError'{0x00000000eaf01940}: 'void java.lang.invoke.DirectMethodHandle$Holder.invokeStatic(java.lang.Object, java.lang.Object, java.lang.Object, int, java.lang.Object)'> (0x00000000eaf01940) 
thrown [s\open\src\hotspot\share\interpreter\linkResolver.cpp, line 759]
Event: 24.866 Thread 0x000002f4d185dce0 Exception <a 'java/lang/NoSuchMethodError'{0x00000000eae7da08}: 'int java.lang.invoke.DirectMethodHandle$Holder.invokeInterface(java.lang.Object, java.lang.Object, java.lang.Object, java.lang.Object, java.lang.Object)'> (0x00000000eae7da08) 
thrown [s\open\src\hotspot\share\interpreter\linkResolver.cpp, line 759]
Event: 25.103 Thread 0x000002f4d185dce0 Exception <a 'java/lang/NoSuchMethodError'{0x00000000ea7bdb58}: 'int java.lang.invoke.DirectMethodHandle$Holder.invokeInterface(java.lang.Object, java.lang.Object, java.lang.Object, java.lang.Object)'> (0x00000000ea7bdb58) 
thrown [s\open\src\hotspot\share\interpreter\linkResolver.cpp, line 759]
Event: 25.158 Thread 0x000002f4d185dce0 Exception <a 'java/lang/NoSuchMethodError'{0x00000000ea592f58}: 'java.lang.Object java.lang.invoke.DirectMethodHandle$Holder.invokeStatic(java.lang.Object, long, java.lang.Object)'> (0x00000000ea592f58) 
thrown [s\open\src\hotspot\share\interpreter\linkResolver.cpp, line 759]
Event: 25.159 Thread 0x000002f4d185dce0 Exception <a 'java/lang/NoSuchMethodError'{0x00000000ea59ac90}: 'java.lang.Object java.lang.invoke.DirectMethodHandle$Holder.newInvokeSpecial(java.lang.Object, long)'> (0x00000000ea59ac90) 
thrown [s\open\src\hotspot\share\interpreter\linkResolver.cpp, line 759]
Event: 25.170 Thread 0x000002f4d185dce0 Exception <a 'java/lang/NoSuchMethodError'{0x00000000ea40a830}: 'java.lang.Object java.lang.invoke.Invokers$Holder.linkToTargetMethod(java.lang.Object, java.lang.Object, java.lang.Object, java.lang.Object, long, java.lang.Object, java.lang.Object)'> (0x00000000ea40a830) 
thrown [s\open\src\hotspot\share\interpreter\linkResolver.cpp, line 759]
Event: 25.176 Thread 0x000002f4d185dce0 Exception <a 'java/lang/NoSuchMethodError'{0x00000000ea450d00}: 'java.lang.Object java.lang.invoke.DirectMethodHandle$Holder.newInvokeSpecial(java.lang.Object, java.lang.Object, java.lang.Object, long, java.lang.Object)'> (0x00000000ea450d00) 
thrown [s\open\src\hotspot\share\interpreter\linkResolver.cpp, line 759]
Event: 25.177 Thread 0x000002f4d185dce0 Exception <a 'java/lang/NoSuchMethodError'{0x00000000ea455e90}: 'java.lang.Object java.lang.invoke.DirectMethodHandle$Holder.invokeSpecial(java.lang.Object, java.lang.Object, java.lang.Object, java.lang.Object, long, java.lang.Object)'> (0x00000000ea455e90) 
thrown [s\open\src\hotspot\share\interpreter\linkResolver.cpp, line 759]
Event: 25.177 Thread 0x000002f4d185dce0 Exception <a 'java/lang/NoSuchMethodError'{0x00000000ea45a3d0}: 'java.lang.Object java.lang.invoke.Invokers$Holder.linkToTargetMethod(java.lang.Object, java.lang.Object, long, java.lang.Object, java.lang.Object)'> (0x00000000ea45a3d0) 
thrown [s\open\src\hotspot\share\interpreter\linkResolver.cpp, line 759]
Event: 25.233 Thread 0x000002f4d185dce0 Exception <a 'java/lang/NoSuchMethodError'{0x00000000ea2666b8}: 'java.lang.Object java.lang.invoke.DirectMethodHandle$Holder.invokeSpecial(java.lang.Object, java.lang.Object, long, java.lang.Object, java.lang.Object)'> (0x00000000ea2666b8) 
thrown [s\open\src\hotspot\share\interpreter\linkResolver.cpp, line 759]
Event: 28.606 Thread 0x000002f4d185dce0 Exception <a 'java/lang/NoSuchMethodError'{0x00000000e964ac70}: 'java.lang.Object java.lang.invoke.DirectMethodHandle$Holder.newInvokeSpecial(java.lang.Object, java.lang.Object, java.lang.Object, java.lang.Object, int, java.lang.Object)'> (0x00000000e964ac70) 
thrown [s\open\src\hotspot\share\interpreter\linkResolver.cpp, line 759]
Event: 28.606 Thread 0x000002f4d185dce0 Exception <a 'java/lang/NoSuchMethodError'{0x00000000e96537c8}: 'java.lang.Object java.lang.invoke.Invokers$Holder.linkToTargetMethod(java.lang.Object, java.lang.Object, java.lang.Object, int, java.lang.Object, java.lang.Object)'> (0x00000000e96537c8) 
thrown [s\open\src\hotspot\share\interpreter\linkResolver.cpp, line 759]

VM Operations (20 events):
Event: 24.324 Executing VM operation: HandshakeAllThreads
Event: 24.325 Executing VM operation: HandshakeAllThreads done
Event: 24.354 Executing VM operation: HandshakeAllThreads
Event: 24.355 Executing VM operation: HandshakeAllThreads done
Event: 25.101 Executing VM operation: HandshakeAllThreads
Event: 25.101 Executing VM operation: HandshakeAllThreads done
Event: 25.101 Executing VM operation: Cleanup
Event: 25.101 Executing VM operation: Cleanup done
Event: 25.590 Executing VM operation: ICBufferFull
Event: 25.590 Executing VM operation: ICBufferFull done
Event: 26.603 Executing VM operation: Cleanup
Event: 26.603 Executing VM operation: Cleanup done
Event: 27.611 Executing VM operation: Cleanup
Event: 28.579 Executing VM operation: Cleanup done
Event: 28.603 Executing VM operation: HandshakeAllThreads
Event: 28.603 Executing VM operation: HandshakeAllThreads done
Event: 29.610 Executing VM operation: Cleanup
Event: 29.610 Executing VM operation: Cleanup done
Event: 30.623 Executing VM operation: Cleanup
Event: 30.685 Executing VM operation: Cleanup done

Events (20 events):
Event: 24.455 Thread 0x000002f4d5146340 Thread added: 0x000002f4d5146340
Event: 25.536 Thread 0x000002f4d5146340 Thread exited: 0x000002f4d5146340
Event: 26.917 Thread 0x000002f4d02a7b40 Thread added: 0x000002f4d02a7b40
Event: 26.917 Thread 0x000002f4d02a4390 Thread added: 0x000002f4d02a4390
Event: 26.917 Thread 0x000002f4d02a8050 Thread added: 0x000002f4d02a8050
Event: 26.917 Thread 0x000002f4d02a48a0 Thread added: 0x000002f4d02a48a0
Event: 26.918 Thread 0x000002f4d4c17570 Thread added: 0x000002f4d4c17570
Event: 26.918 Thread 0x000002f4d4c17a80 Thread added: 0x000002f4d4c17a80
Event: 26.918 Thread 0x000002f4d4c17f90 Thread added: 0x000002f4d4c17f90
Event: 26.918 Thread 0x000002f4d4c189b0 Thread added: 0x000002f4d4c189b0
Event: 26.919 Thread 0x000002f4d4c184a0 Thread added: 0x000002f4d4c184a0
Event: 26.919 Thread 0x000002f4d4c17060 Thread added: 0x000002f4d4c17060
Event: 26.919 Thread 0x000002f4d1b30ed0 Thread added: 0x000002f4d1b30ed0
Event: 28.601 loading class sun/reflect/ReflectionFactory
Event: 28.601 loading class sun/reflect/ReflectionFactory done
Event: 28.601 loading class sun/reflect/ReflectionFactory$1
Event: 28.601 loading class sun/reflect/ReflectionFactory$1 done
Event: 29.653 Thread 0x000002f4d52e5b80 Thread added: 0x000002f4d52e5b80
Event: 29.657 Thread 0x000002f4d52e5670 Thread added: 0x000002f4d52e5670
Event: 29.659 Thread 0x000002f4d258a2a0 Thread added: 0x000002f4d258a2a0


Dynamic libraries:
0x00007ff66e420000 - 0x00007ff66e430000 	C:\Program Files\Java\jdk-17\bin\java.exe
0x00007ffbb4e60000 - 0x00007ffbb50c3000 	C:\WINDOWS\SYSTEM32\ntdll.dll
0x00007ffbb3cf0000 - 0x00007ffbb3db8000 	C:\WINDOWS\System32\KERNEL32.DLL
0x00007ffbb2490000 - 0x00007ffbb2842000 	C:\WINDOWS\System32\KERNELBASE.dll
0x00007ffbb2910000 - 0x00007ffbb2a5b000 	C:\WINDOWS\System32\ucrtbase.dll
0x00007ffba8490000 - 0x00007ffba84a9000 	C:\Program Files\Java\jdk-17\bin\jli.dll
0x00007ffbb2e30000 - 0x00007ffbb2ee4000 	C:\WINDOWS\System32\ADVAPI32.dll
0x00007ffbb2d70000 - 0x00007ffbb2e19000 	C:\WINDOWS\System32\msvcrt.dll
0x00007ffba48d0000 - 0x00007ffba48eb000 	C:\Program Files\Java\jdk-17\bin\VCRUNTIME140.dll
0x00007ffbb2cc0000 - 0x00007ffbb2d66000 	C:\WINDOWS\System32\sechost.dll
0x00007ffbb40b0000 - 0x00007ffbb41c6000 	C:\WINDOWS\System32\RPCRT4.dll
0x00007ffbb2ef0000 - 0x00007ffbb30b8000 	C:\WINDOWS\System32\USER32.dll
0x00007ffbb2230000 - 0x00007ffbb2257000 	C:\WINDOWS\System32\win32u.dll
0x00007ffbb4680000 - 0x00007ffbb46aa000 	C:\WINDOWS\System32\GDI32.dll
0x00007ffbb2b90000 - 0x00007ffbb2cbb000 	C:\WINDOWS\System32\gdi32full.dll
0x00007ffbb23e0000 - 0x00007ffbb2483000 	C:\WINDOWS\System32\msvcp_win.dll
0x00007ffb8aa80000 - 0x00007ffb8ad10000 	C:\WINDOWS\WinSxS\amd64_microsoft.windows.common-controls_6595b64144ccf1df_6.0.26100.2454_none_3e0b68a2e331ad60\COMCTL32.dll
0x00007ffba5ba0000 - 0x00007ffba5bab000 	C:\WINDOWS\SYSTEM32\VERSION.dll
0x00007ffbb3cb0000 - 0x00007ffbb3cdf000 	C:\WINDOWS\System32\IMM32.DLL
0x00007ffba8420000 - 0x00007ffba842c000 	C:\Program Files\Java\jdk-17\bin\vcruntime140_1.dll
0x00007ffb98300000 - 0x00007ffb9838e000 	C:\Program Files\Java\jdk-17\bin\msvcp140.dll
0x00007ffb171c0000 - 0x00007ffb17d9f000 	C:\Program Files\Java\jdk-17\bin\server\jvm.dll
0x00007ffbb4040000 - 0x00007ffbb4048000 	C:\WINDOWS\System32\PSAPI.DLL
0x00007ffb8de30000 - 0x00007ffb8de3a000 	C:\WINDOWS\SYSTEM32\WSOCK32.dll
0x00007ffbb3260000 - 0x00007ffbb32d4000 	C:\WINDOWS\System32\WS2_32.dll
0x00007ffb9b2b0000 - 0x00007ffb9b2e6000 	C:\WINDOWS\SYSTEM32\WINMM.dll
0x00007ffbb1180000 - 0x00007ffbb119a000 	C:\WINDOWS\SYSTEM32\kernel.appcore.dll
0x00007ffba7ba0000 - 0x00007ffba7baa000 	C:\Program Files\Java\jdk-17\bin\jimage.dll
0x00007ffbaf760000 - 0x00007ffbaf9a1000 	C:\WINDOWS\SYSTEM32\DBGHELP.DLL
0x00007ffbb42f0000 - 0x00007ffbb466e000 	C:\WINDOWS\System32\combase.dll
0x00007ffbb3150000 - 0x00007ffbb3226000 	C:\WINDOWS\System32\OLEAUT32.dll
0x00007ffb8e3c0000 - 0x00007ffb8e3f9000 	C:\WINDOWS\SYSTEM32\dbgcore.DLL
0x00007ffbb2af0000 - 0x00007ffbb2b89000 	C:\WINDOWS\System32\bcryptPrimitives.dll
0x00007ffba76a0000 - 0x00007ffba76ae000 	C:\Program Files\Java\jdk-17\bin\instrument.dll
0x00007ffb99e00000 - 0x00007ffb99e25000 	C:\Program Files\Java\jdk-17\bin\java.dll
0x00007ffb87ac0000 - 0x00007ffb87b97000 	C:\Program Files\Java\jdk-17\bin\jsvml.dll
0x00007ffbb33d0000 - 0x00007ffbb3ad0000 	C:\WINDOWS\System32\SHELL32.dll
0x00007ffbaff80000 - 0x00007ffbb07b1000 	C:\WINDOWS\SYSTEM32\windows.storage.dll
0x00007ffbb3dc0000 - 0x00007ffbb3e9a000 	C:\WINDOWS\System32\SHCORE.dll
0x00007ffbb4050000 - 0x00007ffbb40ad000 	C:\WINDOWS\System32\shlwapi.dll
0x00007ffbb2140000 - 0x00007ffbb216e000 	C:\WINDOWS\SYSTEM32\profapi.dll
0x00007ffb9a340000 - 0x00007ffb9a358000 	C:\Program Files\Java\jdk-17\bin\zip.dll
0x00007ffb99e60000 - 0x00007ffb99e79000 	C:\Program Files\Java\jdk-17\bin\net.dll
0x00007ffbaa700000 - 0x00007ffbaa826000 	C:\WINDOWS\SYSTEM32\WINHTTP.dll
0x00007ffbb1680000 - 0x00007ffbb16e8000 	C:\WINDOWS\system32\mswsock.dll
0x00007ffb99ca0000 - 0x00007ffb99cb6000 	C:\Program Files\Java\jdk-17\bin\nio.dll
0x00007ffb9e8e0000 - 0x00007ffb9e8f0000 	C:\Program Files\Java\jdk-17\bin\verify.dll
0x00007ffb99320000 - 0x00007ffb99347000 	C:\Users\jeanm\.gradle\native\c067742578af261105cb4f569cf0c3c89f3d7b1fecec35dd04571415982c5e48\windows-amd64\native-platform.dll
0x00007ffb3b660000 - 0x00007ffb3b7a4000 	C:\Users\jeanm\.gradle\native\100fb08df4bc3b14c8652ba06237920a3bd2aa13389f12d3474272988ae205f9\windows-amd64\native-platform-file-events.dll
0x00007ffb99df0000 - 0x00007ffb99dfa000 	C:\Program Files\Java\jdk-17\bin\management.dll
0x00007ffb99dc0000 - 0x00007ffb99dcb000 	C:\Program Files\Java\jdk-17\bin\management_ext.dll
0x00007ffbb1920000 - 0x00007ffbb193c000 	C:\WINDOWS\SYSTEM32\CRYPTSP.dll
0x00007ffbb10e0000 - 0x00007ffbb1118000 	C:\WINDOWS\system32\rsaenh.dll
0x00007ffbb1720000 - 0x00007ffbb174b000 	C:\WINDOWS\SYSTEM32\USERENV.dll
0x00007ffbb1b60000 - 0x00007ffbb1b86000 	C:\WINDOWS\SYSTEM32\bcrypt.dll
0x00007ffbb1940000 - 0x00007ffbb194c000 	C:\WINDOWS\SYSTEM32\CRYPTBASE.dll
0x00007ffbb0bf0000 - 0x00007ffbb0c22000 	C:\WINDOWS\SYSTEM32\IPHLPAPI.DLL
0x00007ffbb42e0000 - 0x00007ffbb42ea000 	C:\WINDOWS\System32\NSI.dll
0x00007ffbaa640000 - 0x00007ffbaa65e000 	C:\WINDOWS\SYSTEM32\dhcpcsvc6.DLL
0x00007ffbaa500000 - 0x00007ffbaa525000 	C:\WINDOWS\SYSTEM32\dhcpcsvc.DLL
0x00007ffbb0c30000 - 0x00007ffbb0d55000 	C:\WINDOWS\SYSTEM32\DNSAPI.dll
0x00007ffb99c90000 - 0x00007ffb99c9e000 	C:\Program Files\Java\jdk-17\bin\sunmscapi.dll
0x00007ffbb2260000 - 0x00007ffbb23d6000 	C:\WINDOWS\System32\CRYPT32.dll
0x00007ffbb1b20000 - 0x00007ffbb1b50000 	C:\WINDOWS\SYSTEM32\ncrypt.dll
0x00007ffbb1ad0000 - 0x00007ffbb1b0f000 	C:\WINDOWS\SYSTEM32\NTASN1.dll
0x00007ffb732a0000 - 0x00007ffb732a8000 	C:\WINDOWS\system32\wshunix.dll

dbghelp: loaded successfully - version: 4.0.5 - missing functions: none
symbol engine: initialized successfully - sym options: 0x614 - pdb path: .;C:\Program Files\Java\jdk-17\bin;C:\WINDOWS\SYSTEM32;C:\WINDOWS\WinSxS\amd64_microsoft.windows.common-controls_6595b64144ccf1df_6.0.26100.2454_none_3e0b68a2e331ad60;C:\Program Files\Java\jdk-17\bin\server;C:\Users\jeanm\.gradle\native\c067742578af261105cb4f569cf0c3c89f3d7b1fecec35dd04571415982c5e48\windows-amd64;C:\Users\jeanm\.gradle\native\100fb08df4bc3b14c8652ba06237920a3bd2aa13389f12d3474272988ae205f9\windows-amd64

VM Arguments:
jvm_args: --add-opens=java.base/java.lang=ALL-UNNAMED --add-opens=java.base/java.lang.invoke=ALL-UNNAMED --add-opens=java.base/java.util=ALL-UNNAMED --add-opens=java.prefs/java.util.prefs=ALL-UNNAMED --add-exports=jdk.compiler/com.sun.tools.javac.api=ALL-UNNAMED --add-exports=jdk.compiler/com.sun.tools.javac.util=ALL-UNNAMED --add-opens=java.base/java.util=ALL-UNNAMED --add-opens=java.prefs/java.util.prefs=ALL-UNNAMED --add-opens=java.base/java.nio.charset=ALL-UNNAMED --add-opens=java.base/java.net=ALL-UNNAMED --add-opens=java.base/java.util.concurrent.atomic=ALL-UNNAMED --add-opens=java.xml/javax.xml.namespace=ALL-UNNAMED -XX:MaxMetaspaceSize=384m -XX:+HeapDumpOnOutOfMemoryError -Xms256m -Xmx512m -Dfile.encoding=UTF-8 -Duser.country=KR -Duser.language=ko -Duser.variant -javaagent:C:\Users\jeanm\.gradle\wrapper\dists\gradle-8.11.1-bin\bpt9gzteqjrbo1mjrsomdt32c\gradle-8.11.1\lib\agents\gradle-instrumentation-agent-8.11.1.jar 
java_command: org.gradle.launcher.daemon.bootstrap.GradleDaemon 8.11.1
java_class_path (initial): C:\Users\jeanm\.gradle\wrapper\dists\gradle-8.11.1-bin\bpt9gzteqjrbo1mjrsomdt32c\gradle-8.11.1\lib\gradle-daemon-main-8.11.1.jar
Launcher Type: SUN_STANDARD

[Global flags]
     intx CICompilerCount                          = 4                                         {product} {ergonomic}
   size_t CompressedClassSpaceSize                 = 335544320                                 {product} {ergonomic}
     uint ConcGCThreads                            = 3                                         {product} {ergonomic}
     uint G1ConcRefinementThreads                  = 10                                        {product} {ergonomic}
   size_t G1HeapRegionSize                         = 1048576                                   {product} {ergonomic}
    uintx GCDrainStackTargetSize                   = 64                                        {product} {ergonomic}
     bool HeapDumpOnOutOfMemoryError               = true                                   {manageable} {command line}
   size_t InitialHeapSize                          = 268435456                                 {product} {command line}
   size_t MarkStackSize                            = 4194304                                   {product} {ergonomic}
   size_t MaxHeapSize                              = 536870912                                 {product} {command line}
   size_t MaxMetaspaceSize                         = 402653184                                 {product} {command line}
   size_t MaxNewSize                               = 321912832                                 {product} {ergonomic}
   size_t MinHeapDeltaBytes                        = 1048576                                   {product} {ergonomic}
   size_t MinHeapSize                              = 268435456                                 {product} {command line}
    uintx NonNMethodCodeHeapSize                   = 5839372                                {pd product} {ergonomic}
    uintx NonProfiledCodeHeapSize                  = 122909434                              {pd product} {ergonomic}
    uintx ProfiledCodeHeapSize                     = 122909434                              {pd product} {ergonomic}
    uintx ReservedCodeCacheSize                    = 251658240                              {pd product} {ergonomic}
     bool SegmentedCodeCache                       = true                                      {product} {ergonomic}
   size_t SoftMaxHeapSize                          = 536870912                              {manageable} {ergonomic}
     bool UseCompressedClassPointers               = true                           {product lp64_product} {ergonomic}
     bool UseCompressedOops                        = true                           {product lp64_product} {ergonomic}
     bool UseG1GC                                  = true                                      {product} {ergonomic}
     bool UseLargePagesIndividualAllocation        = false                                  {pd product} {ergonomic}

Logging:
Log output configuration:
 #0: stdout all=warning uptime,level,tags
 #1: stderr all=off uptime,level,tags

Environment Variables:
JAVA_HOME=C:\Program Files\Java\jdk-17
PATH=C:\Python312\Scripts\;C:\Python312\;C:\Program Files\Common Files\Oracle\Java\javapath;C:\oraclexe\app\oracle\product\11.2.0\server\bin;C:\WINDOWS\system32;C:\WINDOWS;C:\WINDOWS\System32\Wbem;C:\WINDOWS\System32\WindowsPowerShell\v1.0\;C:\WINDOWS\System32\OpenSSH\;C:\Program Files\dotnet\;C:\Program Files\PuTTY\;C:\Program Files (x86)\NVIDIA Corporation\PhysX\Common;C:\Program Files\Git\cmd;C:\ProgramData\chocolatey\bin;C:\Users\jeanm\AppData\Roaming\nvm;C:\Program Files\nodejs;C:\Program Files\nodejs\;C:\WINDOWS\system32;C:\WINDOWS;C:\WINDOWS\System32\Wbem;C:\WINDOWS\System32\WindowsPowerShell\v1.0\;C:\WINDOWS\System32\OpenSSH\;C:\Python\Python310\Scripts\;C:\Python\Python310\;C:\Users\jeanm\AppData\Local\Microsoft\WindowsApps;C:\Program Files\JetBrains\IntelliJ IDEA 2024.1\bin;;C:\Program Files\JetBrains\PyCharm Community Edition 2023.2.3\bin;;C:\Program Files\JetBrains\IntelliJ IDEA Community Edition 2023.3.4\bin;;C:\Program Files (x86)\SoftForum\XecureHSM\;C:\Users\jeanm\AppData\Local\Programs\Microsoft VS Code\bin;C:\Users\jeanm\AppData\Roaming\nvm;C:\Program Files\nodejs;C:\Users\jeanm\AppData\Roaming\npm;
USERNAME=jeanm
OS=Windows_NT
PROCESSOR_IDENTIFIER=Intel64 Family 6 Model 158 Stepping 10, GenuineIntel



---------------  S Y S T E M  ---------------

OS:
 Windows 11 , 64 bit Build 26100 (10.0.26100.2454)
OS uptime: 10 days 22:10 hours

CPU: total 12 (initial active 12) (6 cores per cpu, 2 threads per core) family 6 model 158 stepping 10 microcode 0xfa, cx8, cmov, fxsr, ht, mmx, 3dnowpref, sse, sse2, sse3, ssse3, sse4.1, sse4.2, popcnt, lzcnt, tsc, tscinvbit, avx, avx2, aes, erms, clmul, bmi1, bmi2, adx, fma, vzeroupper, clflush, clflushopt

Memory: 4k page, system-wide physical 16111M (639M free)
TotalPageFile size 48724M (AvailPageFile size 27M)
current process WorkingSet (physical memory assigned to process): 319M, peak: 342M
current process commit charge ("private bytes"): 463M, peak: 479M

vm_info: Java HotSpot(TM) 64-Bit Server VM (17.0.10+11-LTS-240) for windows-amd64 JRE (17.0.10+11-LTS-240), built on Dec 19 2023 21:47:25 by "mach5one" with MS VC++ 17.1 (VS2022)

END.
